<?xml version="1.0" encoding="UTF-8"?>
<testsuite name="demo.SystemTest" tests="42" skipped="0" failures="0" errors="0" timestamp="2023-02-10T00:01:32" hostname="computer-6.station" time="66.848">
  <properties/>
  <testcase name="AATestCreaNuovoUtente" classname="demo.SystemTest" time="6.634"/>
  <testcase name="ABTestCreaNuovoUtente" classname="demo.SystemTest" time="1.863"/>
  <testcase name="ACTestCreaNuovoUtente" classname="demo.SystemTest" time="1.63"/>
  <testcase name="ADTestCreaNuovoUtente" classname="demo.SystemTest" time="1.576"/>
  <testcase name="AETestCreaNuovoUtente" classname="demo.SystemTest" time="1.546"/>
  <testcase name="AFTestCreaNuovoUtente" classname="demo.SystemTest" time="1.671"/>
  <testcase name="AGTestCreaNuovoUtente" classname="demo.SystemTest" time="1.633"/>
  <testcase name="AHTestCreaNuovoUtente" classname="demo.SystemTest" time="1.557"/>
  <testcase name="BATestLogIn" classname="demo.SystemTest" time="1.145"/>
  <testcase name="BBTestLogIn" classname="demo.SystemTest" time="1.179"/>
  <testcase name="BCTestLogIn" classname="demo.SystemTest" time="1.146"/>
  <testcase name="BDTestLogIn" classname="demo.SystemTest" time="1.181"/>
  <testcase name="DATestUtente" classname="demo.SystemTest" time="1.433"/>
  <testcase name="DBTestUtente" classname="demo.SystemTest" time="1.262"/>
  <testcase name="DCTestUtente" classname="demo.SystemTest" time="1.29"/>
  <testcase name="EATestProfilo" classname="demo.SystemTest" time="1.533"/>
  <testcase name="EBTestProfilo" classname="demo.SystemTest" time="1.489"/>
  <testcase name="ECTestProfilo" classname="demo.SystemTest" time="1.518"/>
  <testcase name="EDTestProfilo" classname="demo.SystemTest" time="1.554"/>
  <testcase name="EETestProfilo" classname="demo.SystemTest" time="1.463"/>
  <testcase name="EFTestProfilo" classname="demo.SystemTest" time="1.501"/>
  <testcase name="EGTestProfilo" classname="demo.SystemTest" time="1.556"/>
  <testcase name="EHTestProfilo" classname="demo.SystemTest" time="1.554"/>
  <testcase name="EITestIndietro" classname="demo.SystemTest" time="1.485"/>
  <testcase name="FATestPompaInsulinica" classname="demo.SystemTest" time="1.669"/>
  <testcase name="FBTestPompaInsulinica" classname="demo.SystemTest" time="1.601"/>
  <testcase name="FCTestPompaInsulinica" classname="demo.SystemTest" time="1.608"/>
  <testcase name="FDTestPompaInsulinica" classname="demo.SystemTest" time="1.623"/>
  <testcase name="FETestPompaInsulinica" classname="demo.SystemTest" time="1.583"/>
  <testcase name="FFTestPompaInsulinica" classname="demo.SystemTest" time="1.567"/>
  <testcase name="FGTestPompaInsulinica" classname="demo.SystemTest" time="1.682"/>
  <testcase name="FHTestPompaInsulinica" classname="demo.SystemTest" time="1.621"/>
  <testcase name="FITestIndietro" classname="demo.SystemTest" time="1.341"/>
  <testcase name="GATestCronologia" classname="demo.SystemTest" time="1.445"/>
  <testcase name="GBTestCronologia" classname="demo.SystemTest" time="2.135"/>
  <testcase name="GCTestIndietro" classname="demo.SystemTest" time="1.992"/>
  <testcase name="HATestLogOut" classname="demo.SystemTest" time="1.351"/>
  <testcase name="IATestDelete" classname="demo.SystemTest" time="1.548"/>
  <testcase name="IBTestDelete" classname="demo.SystemTest" time="1.47"/>
  <testcase name="JATestChangeIdPerson" classname="demo.SystemTest" time="0.733"/>
  <testcase name="KATestToStringPersona" classname="demo.SystemTest" time="0.714"/>
  <testcase name="KBTestToStringMisurazione" classname="demo.SystemTest" time="0.734"/>
  <system-out><![CDATA[01:01:21.069 [Test worker] DEBUG org.springframework.test.context.junit4.SpringJUnit4ClassRunner - SpringJUnit4ClassRunner constructor called with [class demo.SystemTest]
01:01:21.108 [Test worker] DEBUG org.springframework.test.context.BootstrapUtils - Instantiating CacheAwareContextLoaderDelegate from class [org.springframework.test.context.cache.DefaultCacheAwareContextLoaderDelegate]
01:01:21.140 [Test worker] DEBUG org.springframework.test.context.BootstrapUtils - Instantiating BootstrapContext using constructor [public org.springframework.test.context.support.DefaultBootstrapContext(java.lang.Class,org.springframework.test.context.CacheAwareContextLoaderDelegate)]
01:01:21.250 [Test worker] DEBUG org.springframework.test.context.BootstrapUtils - Instantiating TestContextBootstrapper for test class [demo.SystemTest] from class [org.springframework.boot.test.context.SpringBootTestContextBootstrapper]
01:01:21.298 [Test worker] INFO org.springframework.boot.test.context.SpringBootTestContextBootstrapper - Neither @ContextConfiguration nor @ContextHierarchy found for test class [demo.SystemTest], using SpringBootContextLoader
01:01:21.321 [Test worker] DEBUG org.springframework.test.context.support.AbstractContextLoader - Did not detect default resource location for test class [demo.SystemTest]: class path resource [demo/SystemTest-context.xml] does not exist
01:01:21.322 [Test worker] DEBUG org.springframework.test.context.support.AbstractContextLoader - Did not detect default resource location for test class [demo.SystemTest]: class path resource [demo/SystemTestContext.groovy] does not exist
01:01:21.323 [Test worker] INFO org.springframework.test.context.support.AbstractContextLoader - Could not detect default resource locations for test class [demo.SystemTest]: no resource found for suffixes {-context.xml, Context.groovy}.
01:01:21.326 [Test worker] INFO org.springframework.test.context.support.AnnotationConfigContextLoaderUtils - Could not detect default configuration classes for test class [demo.SystemTest]: SystemTest does not declare any static, non-private, non-final, nested classes annotated with @Configuration.
01:01:21.445 [Test worker] DEBUG org.springframework.test.context.support.ActiveProfilesUtils - Could not find an 'annotation declaring class' for annotation type [org.springframework.test.context.ActiveProfiles] and class [demo.SystemTest]
01:01:21.669 [Test worker] DEBUG org.springframework.context.annotation.ClassPathScanningCandidateComponentProvider - Identified candidate component class: file [/Users/aletane/IdeaProjects/PompaInsulinica/PompaInsulinica/build/classes/java/main/demo/ServingWebContentApplication.class]
01:01:21.671 [Test worker] INFO org.springframework.boot.test.context.SpringBootTestContextBootstrapper - Found @SpringBootConfiguration demo.ServingWebContentApplication for test class demo.SystemTest
01:01:22.042 [Test worker] DEBUG org.springframework.boot.test.context.SpringBootTestContextBootstrapper - @TestExecutionListeners is not present for class [demo.SystemTest]: using defaults.
01:01:22.043 [Test worker] INFO org.springframework.boot.test.context.SpringBootTestContextBootstrapper - Loaded default TestExecutionListener class names from location [META-INF/spring.factories]: [org.springframework.boot.test.autoconfigure.restdocs.RestDocsTestExecutionListener, org.springframework.boot.test.autoconfigure.web.client.MockRestServiceServerResetTestExecutionListener, org.springframework.boot.test.autoconfigure.web.servlet.MockMvcPrintOnlyOnFailureTestExecutionListener, org.springframework.boot.test.autoconfigure.web.servlet.WebDriverTestExecutionListener, org.springframework.boot.test.autoconfigure.webservices.client.MockWebServiceServerTestExecutionListener, org.springframework.boot.test.mock.mockito.MockitoTestExecutionListener, org.springframework.boot.test.mock.mockito.ResetMocksTestExecutionListener, org.springframework.test.context.web.ServletTestExecutionListener, org.springframework.test.context.support.DirtiesContextBeforeModesTestExecutionListener, org.springframework.test.context.support.DependencyInjectionTestExecutionListener, org.springframework.test.context.support.DirtiesContextTestExecutionListener, org.springframework.test.context.transaction.TransactionalTestExecutionListener, org.springframework.test.context.jdbc.SqlScriptsTestExecutionListener, org.springframework.test.context.event.EventPublishingTestExecutionListener]
01:01:22.101 [Test worker] INFO org.springframework.boot.test.context.SpringBootTestContextBootstrapper - Using TestExecutionListeners: [org.springframework.test.context.web.ServletTestExecutionListener@7c9699df, org.springframework.test.context.support.DirtiesContextBeforeModesTestExecutionListener@4111d9f6, org.springframework.boot.test.mock.mockito.MockitoTestExecutionListener@3ca5e683, org.springframework.boot.test.autoconfigure.SpringBootDependencyInjectionTestExecutionListener@5b919b30, org.springframework.test.context.support.DirtiesContextTestExecutionListener@1301b9fc, org.springframework.test.context.transaction.TransactionalTestExecutionListener@5c100c03, org.springframework.test.context.jdbc.SqlScriptsTestExecutionListener@4f1278fc, org.springframework.test.context.event.EventPublishingTestExecutionListener@180d2235, org.springframework.boot.test.autoconfigure.restdocs.RestDocsTestExecutionListener@6ddb691, org.springframework.boot.test.autoconfigure.web.client.MockRestServiceServerResetTestExecutionListener@5af1d25d, org.springframework.boot.test.autoconfigure.web.servlet.MockMvcPrintOnlyOnFailureTestExecutionListener@6f89467, org.springframework.boot.test.autoconfigure.web.servlet.WebDriverTestExecutionListener@77951207, org.springframework.boot.test.autoconfigure.webservices.client.MockWebServiceServerTestExecutionListener@1c175b5a, org.springframework.boot.test.mock.mockito.ResetMocksTestExecutionListener@48a001bf]
01:01:22.116 [Test worker] DEBUG org.springframework.test.annotation.ProfileValueUtils - Retrieved @ProfileValueSourceConfiguration [null] for test class [demo.SystemTest]
01:01:22.120 [Test worker] DEBUG org.springframework.test.annotation.ProfileValueUtils - Retrieved ProfileValueSource type [class org.springframework.test.annotation.SystemProfileValueSource] for class [demo.SystemTest]
01:01:22.130 [Test worker] DEBUG org.springframework.test.annotation.ProfileValueUtils - Retrieved @ProfileValueSourceConfiguration [null] for test class [demo.SystemTest]
01:01:22.130 [Test worker] DEBUG org.springframework.test.annotation.ProfileValueUtils - Retrieved ProfileValueSource type [class org.springframework.test.annotation.SystemProfileValueSource] for class [demo.SystemTest]
01:01:22.133 [Test worker] DEBUG org.springframework.test.annotation.ProfileValueUtils - Retrieved @ProfileValueSourceConfiguration [null] for test class [demo.SystemTest]
01:01:22.133 [Test worker] DEBUG org.springframework.test.annotation.ProfileValueUtils - Retrieved ProfileValueSource type [class org.springframework.test.annotation.SystemProfileValueSource] for class [demo.SystemTest]
01:01:22.143 [Test worker] DEBUG org.springframework.test.context.support.AbstractDirtiesContextTestExecutionListener - Before test class: context [DefaultTestContext@41585c3f testClass = SystemTest, testInstance = [null], testMethod = [null], testException = [null], mergedContextConfiguration = [WebMergedContextConfiguration@601bc878 testClass = SystemTest, locations = '{}', classes = '{class demo.ServingWebContentApplication}', contextInitializerClasses = '[]', activeProfiles = '{}', propertySourceLocations = '{}', propertySourceProperties = '{org.springframework.boot.test.context.SpringBootTestContextBootstrapper=true}', contextCustomizers = set[org.springframework.boot.test.autoconfigure.properties.PropertyMappingContextCustomizer@0, org.springframework.boot.test.autoconfigure.web.servlet.WebDriverContextCustomizerFactory$Customizer@472c1a1a, org.springframework.boot.test.context.filter.ExcludeFilterContextCustomizer@18242532, org.springframework.boot.test.json.DuplicateJsonObjectContextCustomizerFactory$DuplicateJsonObjectContextCustomizer@3e44afc2, org.springframework.boot.test.mock.mockito.MockitoContextCustomizer@0, org.springframework.boot.test.web.client.TestRestTemplateContextCustomizer@4060e13c, org.springframework.boot.test.context.SpringBootTestArgs@1], resourceBasePath = 'src/main/webapp', contextLoader = 'org.springframework.boot.test.context.SpringBootContextLoader', parent = [null]], attributes = map['org.springframework.test.context.web.ServletTestExecutionListener.activateListener' -> false]], class annotated with @DirtiesContext [false] with mode [null].
01:01:22.147 [Test worker] DEBUG org.springframework.test.annotation.ProfileValueUtils - Retrieved @ProfileValueSourceConfiguration [null] for test class [demo.SystemTest]
01:01:22.148 [Test worker] DEBUG org.springframework.test.annotation.ProfileValueUtils - Retrieved ProfileValueSource type [class org.springframework.test.annotation.SystemProfileValueSource] for class [demo.SystemTest]
01:01:22.158 [Test worker] DEBUG org.springframework.test.context.support.DependencyInjectionTestExecutionListener - Performing dependency injection for test context [[DefaultTestContext@41585c3f testClass = SystemTest, testInstance = demo.SystemTest@5f7b2384, testMethod = [null], testException = [null], mergedContextConfiguration = [WebMergedContextConfiguration@601bc878 testClass = SystemTest, locations = '{}', classes = '{class demo.ServingWebContentApplication}', contextInitializerClasses = '[]', activeProfiles = '{}', propertySourceLocations = '{}', propertySourceProperties = '{org.springframework.boot.test.context.SpringBootTestContextBootstrapper=true}', contextCustomizers = set[org.springframework.boot.test.autoconfigure.properties.PropertyMappingContextCustomizer@0, org.springframework.boot.test.autoconfigure.web.servlet.WebDriverContextCustomizerFactory$Customizer@472c1a1a, org.springframework.boot.test.context.filter.ExcludeFilterContextCustomizer@18242532, org.springframework.boot.test.json.DuplicateJsonObjectContextCustomizerFactory$DuplicateJsonObjectContextCustomizer@3e44afc2, org.springframework.boot.test.mock.mockito.MockitoContextCustomizer@0, org.springframework.boot.test.web.client.TestRestTemplateContextCustomizer@4060e13c, org.springframework.boot.test.context.SpringBootTestArgs@1], resourceBasePath = 'src/main/webapp', contextLoader = 'org.springframework.boot.test.context.SpringBootContextLoader', parent = [null]], attributes = map['org.springframework.test.context.web.ServletTestExecutionListener.activateListener' -> false]]].
01:01:22.216 [Test worker] DEBUG org.springframework.test.context.support.TestPropertySourceUtils - Adding inlined properties to environment: {spring.jmx.enabled=false, org.springframework.boot.test.context.SpringBootTestContextBootstrapper=true}

  .   ____          _            __ _ _
 /\\ / ___'_ __ _ _(_)_ __  __ _ \ \ \ \
( ( )\___ | '_ | '_| | '_ \/ _` | \ \ \ \
 \\/  ___)| |_)| | | | | || (_| |  ) ) ) )
  '  |____| .__|_| |_|_| |_\__, | / / / /
 =========|_|==============|___/=/_/_/_/
 :: Spring Boot ::        (v2.3.2.RELEASE)

2023-02-10 01:01:23.315  INFO 23986 --- [    Test worker] demo.SystemTest                          : Starting SystemTest on computer-6.station with PID 23986 (started by aletane in /Users/aletane/IdeaProjects/PompaInsulinica/PompaInsulinica)
2023-02-10 01:01:23.317  INFO 23986 --- [    Test worker] demo.SystemTest                          : No active profile set, falling back to default profiles: default
2023-02-10 01:01:24.484  INFO 23986 --- [    Test worker] .s.d.r.c.RepositoryConfigurationDelegate : Bootstrapping Spring Data JPA repositories in DEFERRED mode.
2023-02-10 01:01:24.679  INFO 23986 --- [    Test worker] .s.d.r.c.RepositoryConfigurationDelegate : Finished Spring Data repository scanning in 164ms. Found 2 JPA repository interfaces.
2023-02-10 01:01:26.588  INFO 23986 --- [    Test worker] o.s.b.w.embedded.tomcat.TomcatWebServer  : Tomcat initialized with port(s): 8080 (http)
2023-02-10 01:01:26.623  INFO 23986 --- [    Test worker] o.apache.catalina.core.StandardService   : Starting service [Tomcat]
2023-02-10 01:01:26.623  INFO 23986 --- [    Test worker] org.apache.catalina.core.StandardEngine  : Starting Servlet engine: [Apache Tomcat/9.0.37]
2023-02-10 01:01:26.889  INFO 23986 --- [    Test worker] o.a.c.c.C.[Tomcat].[localhost].[/]       : Initializing Spring embedded WebApplicationContext
2023-02-10 01:01:26.889  INFO 23986 --- [    Test worker] w.s.c.ServletWebServerApplicationContext : Root WebApplicationContext: initialization completed in 3518 ms
2023-02-10 01:01:27.004  INFO 23986 --- [    Test worker] com.zaxxer.hikari.HikariDataSource       : HikariPool-1 - Starting...
2023-02-10 01:01:27.895  INFO 23986 --- [    Test worker] com.zaxxer.hikari.HikariDataSource       : HikariPool-1 - Start completed.
2023-02-10 01:01:27.918  INFO 23986 --- [    Test worker] o.s.b.a.h2.H2ConsoleAutoConfiguration    : H2 console available at '/h2console'. Database available at 'jdbc:h2:~/insulinaDb'
2023-02-10 01:01:28.440  INFO 23986 --- [    Test worker] o.s.s.concurrent.ThreadPoolTaskExecutor  : Initializing ExecutorService 'applicationTaskExecutor'
2023-02-10 01:01:28.600  INFO 23986 --- [         task-1] o.hibernate.jpa.internal.util.LogHelper  : HHH000204: Processing PersistenceUnitInfo [name: default]
2023-02-10 01:01:28.847  INFO 23986 --- [         task-1] org.hibernate.Version                    : HHH000412: Hibernate ORM core version 5.4.18.Final
2023-02-10 01:01:29.483  INFO 23986 --- [         task-1] o.hibernate.annotations.common.Version   : HCANN000001: Hibernate Commons Annotations {5.1.0.Final}
2023-02-10 01:01:29.983  INFO 23986 --- [         task-1] org.hibernate.dialect.Dialect            : HHH000400: Using dialect: org.hibernate.dialect.H2Dialect
2023-02-10 01:01:31.450  INFO 23986 --- [    Test worker] o.s.b.w.embedded.tomcat.TomcatWebServer  : Tomcat started on port(s): 8080 (http) with context path ''
2023-02-10 01:01:31.454  INFO 23986 --- [    Test worker] DeferredRepositoryInitializationListener : Triggering deferred initialization of Spring Data repositories…
2023-02-10 01:01:32.061  INFO 23986 --- [         task-1] o.h.e.t.j.p.i.JtaPlatformInitiator       : HHH000490: Using JtaPlatform implementation: [org.hibernate.engine.transaction.jta.platform.internal.NoJtaPlatform]
2023-02-10 01:01:32.079  INFO 23986 --- [         task-1] j.LocalContainerEntityManagerFactoryBean : Initialized JPA EntityManagerFactory for persistence unit 'default'
2023-02-10 01:01:32.556  INFO 23986 --- [    Test worker] DeferredRepositoryInitializationListener : Spring Data repositories initialized!
2023-02-10 01:01:32.572  INFO 23986 --- [    Test worker] demo.SystemTest                          : Started SystemTest in 10.351 seconds (JVM running for 12.992)
2023-02-10 01:01:36.152  INFO 23986 --- [ null to remote] o.o.selenium.remote.ProtocolHandshake    : Detected dialect: W3C
2023-02-10 01:01:36.430  INFO 23986 --- [nio-8080-exec-1] o.a.c.c.C.[Tomcat].[localhost].[/]       : Initializing Spring DispatcherServlet 'dispatcherServlet'
2023-02-10 01:01:36.430  INFO 23986 --- [nio-8080-exec-1] o.s.web.servlet.DispatcherServlet        : Initializing Servlet 'dispatcherServlet'
2023-02-10 01:01:36.455  INFO 23986 --- [nio-8080-exec-1] o.s.web.servlet.DispatcherServlet        : Completed initialization in 24 ms
Hibernate: select person0_.id as id1_1_, person0_.cognome as cognome2_1_, person0_.email as email3_1_, person0_.nome as nome4_1_, person0_.password as password5_1_, person0_.username as username6_1_ from person person0_ where person0_.username=?
2023-02-10 01:01:40.049  INFO 23986 --- [ null to remote] o.o.selenium.remote.ProtocolHandshake    : Detected dialect: W3C
Hibernate: select person0_.id as id1_1_, person0_.cognome as cognome2_1_, person0_.email as email3_1_, person0_.nome as nome4_1_, person0_.password as password5_1_, person0_.username as username6_1_ from person person0_ where person0_.username=?
2023-02-10 01:01:41.810  INFO 23986 --- [ null to remote] o.o.selenium.remote.ProtocolHandshake    : Detected dialect: W3C
Hibernate: select person0_.id as id1_1_, person0_.cognome as cognome2_1_, person0_.email as email3_1_, person0_.nome as nome4_1_, person0_.password as password5_1_, person0_.username as username6_1_ from person person0_ where person0_.username=?
2023-02-10 01:01:43.411  INFO 23986 --- [ null to remote] o.o.selenium.remote.ProtocolHandshake    : Detected dialect: W3C
2023-02-10 01:01:44.942  INFO 23986 --- [ null to remote] o.o.selenium.remote.ProtocolHandshake    : Detected dialect: W3C
Hibernate: select person0_.id as id1_1_, person0_.cognome as cognome2_1_, person0_.email as email3_1_, person0_.nome as nome4_1_, person0_.password as password5_1_, person0_.username as username6_1_ from person person0_ where person0_.username=?
2023-02-10 01:01:46.527  INFO 23986 --- [ null to remote] o.o.selenium.remote.ProtocolHandshake    : Detected dialect: W3C
Hibernate: select person0_.id as id1_1_, person0_.cognome as cognome2_1_, person0_.email as email3_1_, person0_.nome as nome4_1_, person0_.password as password5_1_, person0_.username as username6_1_ from person person0_ where person0_.username=?
Hibernate: call next value for hibernate_sequence
Hibernate: insert into person (cognome, email, nome, password, username, id) values (?, ?, ?, ?, ?, ?)
2023-02-10 01:01:48.226  INFO 23986 --- [ null to remote] o.o.selenium.remote.ProtocolHandshake    : Detected dialect: W3C
Hibernate: select person0_.id as id1_1_, person0_.cognome as cognome2_1_, person0_.email as email3_1_, person0_.nome as nome4_1_, person0_.password as password5_1_, person0_.username as username6_1_ from person person0_ where person0_.username=?
2023-02-10 01:01:49.801  INFO 23986 --- [ null to remote] o.o.selenium.remote.ProtocolHandshake    : Detected dialect: W3C
Hibernate: select person0_.id as id1_1_, person0_.cognome as cognome2_1_, person0_.email as email3_1_, person0_.nome as nome4_1_, person0_.password as password5_1_, person0_.username as username6_1_ from person person0_ where person0_.username=?
Hibernate: call next value for hibernate_sequence
Hibernate: insert into person (cognome, email, nome, password, username, id) values (?, ?, ?, ?, ?, ?)
2023-02-10 01:01:51.372  INFO 23986 --- [ null to remote] o.o.selenium.remote.ProtocolHandshake    : Detected dialect: W3C
Hibernate: select person0_.id as id1_1_, person0_.cognome as cognome2_1_, person0_.email as email3_1_, person0_.nome as nome4_1_, person0_.password as password5_1_, person0_.username as username6_1_ from person person0_ where person0_.username=?
2023-02-10 01:01:52.538  INFO 23986 --- [ null to remote] o.o.selenium.remote.ProtocolHandshake    : Detected dialect: W3C
Hibernate: select person0_.id as id1_1_, person0_.cognome as cognome2_1_, person0_.email as email3_1_, person0_.nome as nome4_1_, person0_.password as password5_1_, person0_.username as username6_1_ from person person0_ where person0_.username=?
2023-02-10 01:01:53.692  INFO 23986 --- [ null to remote] o.o.selenium.remote.ProtocolHandshake    : Detected dialect: W3C
Hibernate: select person0_.id as id1_1_, person0_.cognome as cognome2_1_, person0_.email as email3_1_, person0_.nome as nome4_1_, person0_.password as password5_1_, person0_.username as username6_1_ from person person0_ where person0_.username=?
2023-02-10 01:01:54.847  INFO 23986 --- [ null to remote] o.o.selenium.remote.ProtocolHandshake    : Detected dialect: W3C
Hibernate: select person0_.id as id1_1_, person0_.cognome as cognome2_1_, person0_.email as email3_1_, person0_.nome as nome4_1_, person0_.password as password5_1_, person0_.username as username6_1_ from person person0_ where person0_.username=?
2023-02-10 01:01:56.110  INFO 23986 --- [ null to remote] o.o.selenium.remote.ProtocolHandshake    : Detected dialect: W3C
Hibernate: select person0_.id as id1_1_, person0_.cognome as cognome2_1_, person0_.email as email3_1_, person0_.nome as nome4_1_, person0_.password as password5_1_, person0_.username as username6_1_ from person person0_ where person0_.username=?
Hibernate: select person0_.id as id1_1_0_, person0_.cognome as cognome2_1_0_, person0_.email as email3_1_0_, person0_.nome as nome4_1_0_, person0_.password as password5_1_0_, person0_.username as username6_1_0_ from person person0_ where person0_.id=?
2023-02-10 01:01:57.448  INFO 23986 --- [ null to remote] o.o.selenium.remote.ProtocolHandshake    : Detected dialect: W3C
Hibernate: select person0_.id as id1_1_, person0_.cognome as cognome2_1_, person0_.email as email3_1_, person0_.nome as nome4_1_, person0_.password as password5_1_, person0_.username as username6_1_ from person person0_ where person0_.username=?
Hibernate: select person0_.id as id1_1_0_, person0_.cognome as cognome2_1_0_, person0_.email as email3_1_0_, person0_.nome as nome4_1_0_, person0_.password as password5_1_0_, person0_.username as username6_1_0_ from person person0_ where person0_.id=?
Hibernate: select misurazion0_.id as id1_0_, misurazion0_.commento as commento2_0_, misurazion0_.glicemia as glicemia3_0_, misurazion0_.id_utente as id_utent4_0_, misurazion0_.insulina as insulina5_0_, misurazion0_.time as time6_0_ from misurazione misurazion0_ where misurazion0_.id_utente=?
2023-02-10 01:01:58.765  INFO 23986 --- [ null to remote] o.o.selenium.remote.ProtocolHandshake    : Detected dialect: W3C
Hibernate: select person0_.id as id1_1_, person0_.cognome as cognome2_1_, person0_.email as email3_1_, person0_.nome as nome4_1_, person0_.password as password5_1_, person0_.username as username6_1_ from person person0_ where person0_.username=?
Hibernate: select person0_.id as id1_1_0_, person0_.cognome as cognome2_1_0_, person0_.email as email3_1_0_, person0_.nome as nome4_1_0_, person0_.password as password5_1_0_, person0_.username as username6_1_0_ from person person0_ where person0_.id=?
Hibernate: select misurazion0_.id as id1_0_, misurazion0_.commento as commento2_0_, misurazion0_.glicemia as glicemia3_0_, misurazion0_.id_utente as id_utent4_0_, misurazion0_.insulina as insulina5_0_, misurazion0_.time as time6_0_ from misurazione misurazion0_ where misurazion0_.id_utente=?
2023-02-10 01:02:00.011  INFO 23986 --- [ null to remote] o.o.selenium.remote.ProtocolHandshake    : Detected dialect: W3C
Hibernate: select person0_.id as id1_1_, person0_.cognome as cognome2_1_, person0_.email as email3_1_, person0_.nome as nome4_1_, person0_.password as password5_1_, person0_.username as username6_1_ from person person0_ where person0_.username=?
Hibernate: select person0_.id as id1_1_0_, person0_.cognome as cognome2_1_0_, person0_.email as email3_1_0_, person0_.nome as nome4_1_0_, person0_.password as password5_1_0_, person0_.username as username6_1_0_ from person person0_ where person0_.id=?
Hibernate: select person0_.id as id1_1_0_, person0_.cognome as cognome2_1_0_, person0_.email as email3_1_0_, person0_.nome as nome4_1_0_, person0_.password as password5_1_0_, person0_.username as username6_1_0_ from person person0_ where person0_.id=?
Hibernate: select person0_.id as id1_1_0_, person0_.cognome as cognome2_1_0_, person0_.email as email3_1_0_, person0_.nome as nome4_1_0_, person0_.password as password5_1_0_, person0_.username as username6_1_0_ from person person0_ where person0_.id=?
Hibernate: select person0_.id as id1_1_, person0_.cognome as cognome2_1_, person0_.email as email3_1_, person0_.nome as nome4_1_, person0_.password as password5_1_, person0_.username as username6_1_ from person person0_ where person0_.username=?
2023-02-10 01:02:01.521  INFO 23986 --- [ null to remote] o.o.selenium.remote.ProtocolHandshake    : Detected dialect: W3C
Hibernate: select person0_.id as id1_1_, person0_.cognome as cognome2_1_, person0_.email as email3_1_, person0_.nome as nome4_1_, person0_.password as password5_1_, person0_.username as username6_1_ from person person0_ where person0_.username=?
Hibernate: select person0_.id as id1_1_0_, person0_.cognome as cognome2_1_0_, person0_.email as email3_1_0_, person0_.nome as nome4_1_0_, person0_.password as password5_1_0_, person0_.username as username6_1_0_ from person person0_ where person0_.id=?
Hibernate: select person0_.id as id1_1_0_, person0_.cognome as cognome2_1_0_, person0_.email as email3_1_0_, person0_.nome as nome4_1_0_, person0_.password as password5_1_0_, person0_.username as username6_1_0_ from person person0_ where person0_.id=?
Hibernate: select person0_.id as id1_1_0_, person0_.cognome as cognome2_1_0_, person0_.email as email3_1_0_, person0_.nome as nome4_1_0_, person0_.password as password5_1_0_, person0_.username as username6_1_0_ from person person0_ where person0_.id=?
Hibernate: select person0_.id as id1_1_, person0_.cognome as cognome2_1_, person0_.email as email3_1_, person0_.nome as nome4_1_, person0_.password as password5_1_, person0_.username as username6_1_ from person person0_ where person0_.username=?
2023-02-10 01:02:03.017  INFO 23986 --- [ null to remote] o.o.selenium.remote.ProtocolHandshake    : Detected dialect: W3C
Hibernate: select person0_.id as id1_1_, person0_.cognome as cognome2_1_, person0_.email as email3_1_, person0_.nome as nome4_1_, person0_.password as password5_1_, person0_.username as username6_1_ from person person0_ where person0_.username=?
Hibernate: select person0_.id as id1_1_0_, person0_.cognome as cognome2_1_0_, person0_.email as email3_1_0_, person0_.nome as nome4_1_0_, person0_.password as password5_1_0_, person0_.username as username6_1_0_ from person person0_ where person0_.id=?
Hibernate: select person0_.id as id1_1_0_, person0_.cognome as cognome2_1_0_, person0_.email as email3_1_0_, person0_.nome as nome4_1_0_, person0_.password as password5_1_0_, person0_.username as username6_1_0_ from person person0_ where person0_.id=?
Hibernate: select person0_.id as id1_1_0_, person0_.cognome as cognome2_1_0_, person0_.email as email3_1_0_, person0_.nome as nome4_1_0_, person0_.password as password5_1_0_, person0_.username as username6_1_0_ from person person0_ where person0_.id=?
Hibernate: select person0_.id as id1_1_, person0_.cognome as cognome2_1_, person0_.email as email3_1_, person0_.nome as nome4_1_, person0_.password as password5_1_, person0_.username as username6_1_ from person person0_ where person0_.username=?
2023-02-10 01:02:04.584  INFO 23986 --- [ null to remote] o.o.selenium.remote.ProtocolHandshake    : Detected dialect: W3C
Hibernate: select person0_.id as id1_1_, person0_.cognome as cognome2_1_, person0_.email as email3_1_, person0_.nome as nome4_1_, person0_.password as password5_1_, person0_.username as username6_1_ from person person0_ where person0_.username=?
Hibernate: select person0_.id as id1_1_0_, person0_.cognome as cognome2_1_0_, person0_.email as email3_1_0_, person0_.nome as nome4_1_0_, person0_.password as password5_1_0_, person0_.username as username6_1_0_ from person person0_ where person0_.id=?
Hibernate: select person0_.id as id1_1_0_, person0_.cognome as cognome2_1_0_, person0_.email as email3_1_0_, person0_.nome as nome4_1_0_, person0_.password as password5_1_0_, person0_.username as username6_1_0_ from person person0_ where person0_.id=?
Hibernate: select person0_.id as id1_1_0_, person0_.cognome as cognome2_1_0_, person0_.email as email3_1_0_, person0_.nome as nome4_1_0_, person0_.password as password5_1_0_, person0_.username as username6_1_0_ from person person0_ where person0_.id=?
2023-02-10 01:02:06.084  INFO 23986 --- [ null to remote] o.o.selenium.remote.ProtocolHandshake    : Detected dialect: W3C
Hibernate: select person0_.id as id1_1_, person0_.cognome as cognome2_1_, person0_.email as email3_1_, person0_.nome as nome4_1_, person0_.password as password5_1_, person0_.username as username6_1_ from person person0_ where person0_.username=?
Hibernate: select person0_.id as id1_1_0_, person0_.cognome as cognome2_1_0_, person0_.email as email3_1_0_, person0_.nome as nome4_1_0_, person0_.password as password5_1_0_, person0_.username as username6_1_0_ from person person0_ where person0_.id=?
Hibernate: select person0_.id as id1_1_0_, person0_.cognome as cognome2_1_0_, person0_.email as email3_1_0_, person0_.nome as nome4_1_0_, person0_.password as password5_1_0_, person0_.username as username6_1_0_ from person person0_ where person0_.id=?
Hibernate: select person0_.id as id1_1_0_, person0_.cognome as cognome2_1_0_, person0_.email as email3_1_0_, person0_.nome as nome4_1_0_, person0_.password as password5_1_0_, person0_.username as username6_1_0_ from person person0_ where person0_.id=?
Hibernate: select person0_.id as id1_1_, person0_.cognome as cognome2_1_, person0_.email as email3_1_, person0_.nome as nome4_1_, person0_.password as password5_1_, person0_.username as username6_1_ from person person0_ where person0_.username=?
2023-02-10 01:02:07.592  INFO 23986 --- [ null to remote] o.o.selenium.remote.ProtocolHandshake    : Detected dialect: W3C
Hibernate: select person0_.id as id1_1_, person0_.cognome as cognome2_1_, person0_.email as email3_1_, person0_.nome as nome4_1_, person0_.password as password5_1_, person0_.username as username6_1_ from person person0_ where person0_.username=?
Hibernate: select person0_.id as id1_1_0_, person0_.cognome as cognome2_1_0_, person0_.email as email3_1_0_, person0_.nome as nome4_1_0_, person0_.password as password5_1_0_, person0_.username as username6_1_0_ from person person0_ where person0_.id=?
Hibernate: select person0_.id as id1_1_0_, person0_.cognome as cognome2_1_0_, person0_.email as email3_1_0_, person0_.nome as nome4_1_0_, person0_.password as password5_1_0_, person0_.username as username6_1_0_ from person person0_ where person0_.id=?
Hibernate: select person0_.id as id1_1_0_, person0_.cognome as cognome2_1_0_, person0_.email as email3_1_0_, person0_.nome as nome4_1_0_, person0_.password as password5_1_0_, person0_.username as username6_1_0_ from person person0_ where person0_.id=?
Hibernate: select person0_.id as id1_1_, person0_.cognome as cognome2_1_, person0_.email as email3_1_, person0_.nome as nome4_1_, person0_.password as password5_1_, person0_.username as username6_1_ from person person0_ where person0_.username=?
2023-02-10 01:02:09.084  INFO 23986 --- [ null to remote] o.o.selenium.remote.ProtocolHandshake    : Detected dialect: W3C
Hibernate: select person0_.id as id1_1_, person0_.cognome as cognome2_1_, person0_.email as email3_1_, person0_.nome as nome4_1_, person0_.password as password5_1_, person0_.username as username6_1_ from person person0_ where person0_.username=?
Hibernate: select person0_.id as id1_1_0_, person0_.cognome as cognome2_1_0_, person0_.email as email3_1_0_, person0_.nome as nome4_1_0_, person0_.password as password5_1_0_, person0_.username as username6_1_0_ from person person0_ where person0_.id=?
Hibernate: select person0_.id as id1_1_0_, person0_.cognome as cognome2_1_0_, person0_.email as email3_1_0_, person0_.nome as nome4_1_0_, person0_.password as password5_1_0_, person0_.username as username6_1_0_ from person person0_ where person0_.id=?
Hibernate: select person0_.id as id1_1_0_, person0_.cognome as cognome2_1_0_, person0_.email as email3_1_0_, person0_.nome as nome4_1_0_, person0_.password as password5_1_0_, person0_.username as username6_1_0_ from person person0_ where person0_.id=?
Hibernate: select person0_.id as id1_1_, person0_.cognome as cognome2_1_, person0_.email as email3_1_, person0_.nome as nome4_1_, person0_.password as password5_1_, person0_.username as username6_1_ from person person0_ where person0_.username=?
Hibernate: delete from person where id=?
Hibernate: call next value for hibernate_sequence
Hibernate: insert into person (cognome, email, nome, password, username, id) values (?, ?, ?, ?, ?, ?)
Hibernate: select misurazion0_.id as id1_0_, misurazion0_.commento as commento2_0_, misurazion0_.glicemia as glicemia3_0_, misurazion0_.id_utente as id_utent4_0_, misurazion0_.insulina as insulina5_0_, misurazion0_.time as time6_0_ from misurazione misurazion0_ where misurazion0_.id_utente=?
2023-02-10 01:02:10.633  INFO 23986 --- [ null to remote] o.o.selenium.remote.ProtocolHandshake    : Detected dialect: W3C
Hibernate: select person0_.id as id1_1_, person0_.cognome as cognome2_1_, person0_.email as email3_1_, person0_.nome as nome4_1_, person0_.password as password5_1_, person0_.username as username6_1_ from person person0_ where person0_.username=?
Hibernate: select person0_.id as id1_1_0_, person0_.cognome as cognome2_1_0_, person0_.email as email3_1_0_, person0_.nome as nome4_1_0_, person0_.password as password5_1_0_, person0_.username as username6_1_0_ from person person0_ where person0_.id=?
Hibernate: select person0_.id as id1_1_0_, person0_.cognome as cognome2_1_0_, person0_.email as email3_1_0_, person0_.nome as nome4_1_0_, person0_.password as password5_1_0_, person0_.username as username6_1_0_ from person person0_ where person0_.id=?
Hibernate: select person0_.id as id1_1_0_, person0_.cognome as cognome2_1_0_, person0_.email as email3_1_0_, person0_.nome as nome4_1_0_, person0_.password as password5_1_0_, person0_.username as username6_1_0_ from person person0_ where person0_.id=?
Hibernate: select person0_.id as id1_1_, person0_.cognome as cognome2_1_, person0_.email as email3_1_, person0_.nome as nome4_1_, person0_.password as password5_1_, person0_.username as username6_1_ from person person0_ where person0_.username=?
Hibernate: delete from person where id=?
Hibernate: call next value for hibernate_sequence
Hibernate: insert into person (cognome, email, nome, password, username, id) values (?, ?, ?, ?, ?, ?)
Hibernate: select misurazion0_.id as id1_0_, misurazion0_.commento as commento2_0_, misurazion0_.glicemia as glicemia3_0_, misurazion0_.id_utente as id_utent4_0_, misurazion0_.insulina as insulina5_0_, misurazion0_.time as time6_0_ from misurazione misurazion0_ where misurazion0_.id_utente=?
2023-02-10 01:02:12.243  INFO 23986 --- [ null to remote] o.o.selenium.remote.ProtocolHandshake    : Detected dialect: W3C
Hibernate: select person0_.id as id1_1_, person0_.cognome as cognome2_1_, person0_.email as email3_1_, person0_.nome as nome4_1_, person0_.password as password5_1_, person0_.username as username6_1_ from person person0_ where person0_.username=?
Hibernate: select person0_.id as id1_1_0_, person0_.cognome as cognome2_1_0_, person0_.email as email3_1_0_, person0_.nome as nome4_1_0_, person0_.password as password5_1_0_, person0_.username as username6_1_0_ from person person0_ where person0_.id=?
Hibernate: select person0_.id as id1_1_0_, person0_.cognome as cognome2_1_0_, person0_.email as email3_1_0_, person0_.nome as nome4_1_0_, person0_.password as password5_1_0_, person0_.username as username6_1_0_ from person person0_ where person0_.id=?
Hibernate: select person0_.id as id1_1_0_, person0_.cognome as cognome2_1_0_, person0_.email as email3_1_0_, person0_.nome as nome4_1_0_, person0_.password as password5_1_0_, person0_.username as username6_1_0_ from person person0_ where person0_.id=?
2023-02-10 01:02:13.692  INFO 23986 --- [ null to remote] o.o.selenium.remote.ProtocolHandshake    : Detected dialect: W3C
Hibernate: select person0_.id as id1_1_, person0_.cognome as cognome2_1_, person0_.email as email3_1_, person0_.nome as nome4_1_, person0_.password as password5_1_, person0_.username as username6_1_ from person person0_ where person0_.username=?
Hibernate: select person0_.id as id1_1_0_, person0_.cognome as cognome2_1_0_, person0_.email as email3_1_0_, person0_.nome as nome4_1_0_, person0_.password as password5_1_0_, person0_.username as username6_1_0_ from person person0_ where person0_.id=?
Hibernate: select misurazion0_.id as id1_0_, misurazion0_.commento as commento2_0_, misurazion0_.glicemia as glicemia3_0_, misurazion0_.id_utente as id_utent4_0_, misurazion0_.insulina as insulina5_0_, misurazion0_.time as time6_0_ from misurazione misurazion0_ where misurazion0_.id_utente=?
Hibernate: select person0_.id as id1_1_0_, person0_.cognome as cognome2_1_0_, person0_.email as email3_1_0_, person0_.nome as nome4_1_0_, person0_.password as password5_1_0_, person0_.username as username6_1_0_ from person person0_ where person0_.id=?
Hibernate: select misurazion0_.id as id1_0_, misurazion0_.commento as commento2_0_, misurazion0_.glicemia as glicemia3_0_, misurazion0_.id_utente as id_utent4_0_, misurazion0_.insulina as insulina5_0_, misurazion0_.time as time6_0_ from misurazione misurazion0_ where misurazion0_.id_utente=?
2023-02-10 01:02:15.323  INFO 23986 --- [ null to remote] o.o.selenium.remote.ProtocolHandshake    : Detected dialect: W3C
Hibernate: select person0_.id as id1_1_, person0_.cognome as cognome2_1_, person0_.email as email3_1_, person0_.nome as nome4_1_, person0_.password as password5_1_, person0_.username as username6_1_ from person person0_ where person0_.username=?
Hibernate: select person0_.id as id1_1_0_, person0_.cognome as cognome2_1_0_, person0_.email as email3_1_0_, person0_.nome as nome4_1_0_, person0_.password as password5_1_0_, person0_.username as username6_1_0_ from person person0_ where person0_.id=?
Hibernate: select misurazion0_.id as id1_0_, misurazion0_.commento as commento2_0_, misurazion0_.glicemia as glicemia3_0_, misurazion0_.id_utente as id_utent4_0_, misurazion0_.insulina as insulina5_0_, misurazion0_.time as time6_0_ from misurazione misurazion0_ where misurazion0_.id_utente=?
Hibernate: select person0_.id as id1_1_0_, person0_.cognome as cognome2_1_0_, person0_.email as email3_1_0_, person0_.nome as nome4_1_0_, person0_.password as password5_1_0_, person0_.username as username6_1_0_ from person person0_ where person0_.id=?
Hibernate: select misurazion0_.id as id1_0_, misurazion0_.commento as commento2_0_, misurazion0_.glicemia as glicemia3_0_, misurazion0_.id_utente as id_utent4_0_, misurazion0_.insulina as insulina5_0_, misurazion0_.time as time6_0_ from misurazione misurazion0_ where misurazion0_.id_utente=?
2023-02-10 01:02:16.915  INFO 23986 --- [ null to remote] o.o.selenium.remote.ProtocolHandshake    : Detected dialect: W3C
Hibernate: select person0_.id as id1_1_, person0_.cognome as cognome2_1_, person0_.email as email3_1_, person0_.nome as nome4_1_, person0_.password as password5_1_, person0_.username as username6_1_ from person person0_ where person0_.username=?
Hibernate: select person0_.id as id1_1_0_, person0_.cognome as cognome2_1_0_, person0_.email as email3_1_0_, person0_.nome as nome4_1_0_, person0_.password as password5_1_0_, person0_.username as username6_1_0_ from person person0_ where person0_.id=?
Hibernate: select misurazion0_.id as id1_0_, misurazion0_.commento as commento2_0_, misurazion0_.glicemia as glicemia3_0_, misurazion0_.id_utente as id_utent4_0_, misurazion0_.insulina as insulina5_0_, misurazion0_.time as time6_0_ from misurazione misurazion0_ where misurazion0_.id_utente=?
Hibernate: select person0_.id as id1_1_0_, person0_.cognome as cognome2_1_0_, person0_.email as email3_1_0_, person0_.nome as nome4_1_0_, person0_.password as password5_1_0_, person0_.username as username6_1_0_ from person person0_ where person0_.id=?
Hibernate: select misurazion0_.id as id1_0_, misurazion0_.commento as commento2_0_, misurazion0_.glicemia as glicemia3_0_, misurazion0_.id_utente as id_utent4_0_, misurazion0_.insulina as insulina5_0_, misurazion0_.time as time6_0_ from misurazione misurazion0_ where misurazion0_.id_utente=?
2023-02-10 01:02:18.581  INFO 23986 --- [ null to remote] o.o.selenium.remote.ProtocolHandshake    : Detected dialect: W3C
Hibernate: select person0_.id as id1_1_, person0_.cognome as cognome2_1_, person0_.email as email3_1_, person0_.nome as nome4_1_, person0_.password as password5_1_, person0_.username as username6_1_ from person person0_ where person0_.username=?
Hibernate: select person0_.id as id1_1_0_, person0_.cognome as cognome2_1_0_, person0_.email as email3_1_0_, person0_.nome as nome4_1_0_, person0_.password as password5_1_0_, person0_.username as username6_1_0_ from person person0_ where person0_.id=?
Hibernate: select misurazion0_.id as id1_0_, misurazion0_.commento as commento2_0_, misurazion0_.glicemia as glicemia3_0_, misurazion0_.id_utente as id_utent4_0_, misurazion0_.insulina as insulina5_0_, misurazion0_.time as time6_0_ from misurazione misurazion0_ where misurazion0_.id_utente=?
Hibernate: select person0_.id as id1_1_0_, person0_.cognome as cognome2_1_0_, person0_.email as email3_1_0_, person0_.nome as nome4_1_0_, person0_.password as password5_1_0_, person0_.username as username6_1_0_ from person person0_ where person0_.id=?
Hibernate: select misurazion0_.id as id1_0_, misurazion0_.commento as commento2_0_, misurazion0_.glicemia as glicemia3_0_, misurazion0_.id_utente as id_utent4_0_, misurazion0_.insulina as insulina5_0_, misurazion0_.time as time6_0_ from misurazione misurazion0_ where misurazion0_.id_utente=?
2023-02-10 01:02:20.149  INFO 23986 --- [ null to remote] o.o.selenium.remote.ProtocolHandshake    : Detected dialect: W3C
Hibernate: select person0_.id as id1_1_, person0_.cognome as cognome2_1_, person0_.email as email3_1_, person0_.nome as nome4_1_, person0_.password as password5_1_, person0_.username as username6_1_ from person person0_ where person0_.username=?
Hibernate: select person0_.id as id1_1_0_, person0_.cognome as cognome2_1_0_, person0_.email as email3_1_0_, person0_.nome as nome4_1_0_, person0_.password as password5_1_0_, person0_.username as username6_1_0_ from person person0_ where person0_.id=?
Hibernate: select misurazion0_.id as id1_0_, misurazion0_.commento as commento2_0_, misurazion0_.glicemia as glicemia3_0_, misurazion0_.id_utente as id_utent4_0_, misurazion0_.insulina as insulina5_0_, misurazion0_.time as time6_0_ from misurazione misurazion0_ where misurazion0_.id_utente=?
Hibernate: select person0_.id as id1_1_0_, person0_.cognome as cognome2_1_0_, person0_.email as email3_1_0_, person0_.nome as nome4_1_0_, person0_.password as password5_1_0_, person0_.username as username6_1_0_ from person person0_ where person0_.id=?
Hibernate: select misurazion0_.id as id1_0_, misurazion0_.commento as commento2_0_, misurazion0_.glicemia as glicemia3_0_, misurazion0_.id_utente as id_utent4_0_, misurazion0_.insulina as insulina5_0_, misurazion0_.time as time6_0_ from misurazione misurazion0_ where misurazion0_.id_utente=?
2023-02-10 01:02:21.741  INFO 23986 --- [ null to remote] o.o.selenium.remote.ProtocolHandshake    : Detected dialect: W3C
Hibernate: select person0_.id as id1_1_, person0_.cognome as cognome2_1_, person0_.email as email3_1_, person0_.nome as nome4_1_, person0_.password as password5_1_, person0_.username as username6_1_ from person person0_ where person0_.username=?
Hibernate: select person0_.id as id1_1_0_, person0_.cognome as cognome2_1_0_, person0_.email as email3_1_0_, person0_.nome as nome4_1_0_, person0_.password as password5_1_0_, person0_.username as username6_1_0_ from person person0_ where person0_.id=?
Hibernate: select misurazion0_.id as id1_0_, misurazion0_.commento as commento2_0_, misurazion0_.glicemia as glicemia3_0_, misurazion0_.id_utente as id_utent4_0_, misurazion0_.insulina as insulina5_0_, misurazion0_.time as time6_0_ from misurazione misurazion0_ where misurazion0_.id_utente=?
Hibernate: select person0_.id as id1_1_0_, person0_.cognome as cognome2_1_0_, person0_.email as email3_1_0_, person0_.nome as nome4_1_0_, person0_.password as password5_1_0_, person0_.username as username6_1_0_ from person person0_ where person0_.id=?
Hibernate: select misurazion0_.id as id1_0_, misurazion0_.commento as commento2_0_, misurazion0_.glicemia as glicemia3_0_, misurazion0_.id_utente as id_utent4_0_, misurazion0_.insulina as insulina5_0_, misurazion0_.time as time6_0_ from misurazione misurazion0_ where misurazion0_.id_utente=?
2023-02-10 01:02:23.359  INFO 23986 --- [ null to remote] o.o.selenium.remote.ProtocolHandshake    : Detected dialect: W3C
Hibernate: select person0_.id as id1_1_, person0_.cognome as cognome2_1_, person0_.email as email3_1_, person0_.nome as nome4_1_, person0_.password as password5_1_, person0_.username as username6_1_ from person person0_ where person0_.username=?
Hibernate: select person0_.id as id1_1_0_, person0_.cognome as cognome2_1_0_, person0_.email as email3_1_0_, person0_.nome as nome4_1_0_, person0_.password as password5_1_0_, person0_.username as username6_1_0_ from person person0_ where person0_.id=?
Hibernate: select misurazion0_.id as id1_0_, misurazion0_.commento as commento2_0_, misurazion0_.glicemia as glicemia3_0_, misurazion0_.id_utente as id_utent4_0_, misurazion0_.insulina as insulina5_0_, misurazion0_.time as time6_0_ from misurazione misurazion0_ where misurazion0_.id_utente=?
Hibernate: select person0_.id as id1_1_0_, person0_.cognome as cognome2_1_0_, person0_.email as email3_1_0_, person0_.nome as nome4_1_0_, person0_.password as password5_1_0_, person0_.username as username6_1_0_ from person person0_ where person0_.id=?
Hibernate: select misurazion0_.id as id1_0_, misurazion0_.commento as commento2_0_, misurazion0_.glicemia as glicemia3_0_, misurazion0_.id_utente as id_utent4_0_, misurazion0_.insulina as insulina5_0_, misurazion0_.time as time6_0_ from misurazione misurazion0_ where misurazion0_.id_utente=?
2023-02-10 01:02:25.010  INFO 23986 --- [ null to remote] o.o.selenium.remote.ProtocolHandshake    : Detected dialect: W3C
Hibernate: select person0_.id as id1_1_, person0_.cognome as cognome2_1_, person0_.email as email3_1_, person0_.nome as nome4_1_, person0_.password as password5_1_, person0_.username as username6_1_ from person person0_ where person0_.username=?
Hibernate: select person0_.id as id1_1_0_, person0_.cognome as cognome2_1_0_, person0_.email as email3_1_0_, person0_.nome as nome4_1_0_, person0_.password as password5_1_0_, person0_.username as username6_1_0_ from person person0_ where person0_.id=?
Hibernate: select misurazion0_.id as id1_0_, misurazion0_.commento as commento2_0_, misurazion0_.glicemia as glicemia3_0_, misurazion0_.id_utente as id_utent4_0_, misurazion0_.insulina as insulina5_0_, misurazion0_.time as time6_0_ from misurazione misurazion0_ where misurazion0_.id_utente=?
Hibernate: select person0_.id as id1_1_0_, person0_.cognome as cognome2_1_0_, person0_.email as email3_1_0_, person0_.nome as nome4_1_0_, person0_.password as password5_1_0_, person0_.username as username6_1_0_ from person person0_ where person0_.id=?
Hibernate: call next value for hibernate_sequence
Hibernate: insert into misurazione (commento, glicemia, id_utente, insulina, time, id) values (?, ?, ?, ?, ?, ?)
Hibernate: select misurazion0_.id as id1_0_, misurazion0_.commento as commento2_0_, misurazion0_.glicemia as glicemia3_0_, misurazion0_.id_utente as id_utent4_0_, misurazion0_.insulina as insulina5_0_, misurazion0_.time as time6_0_ from misurazione misurazion0_ where misurazion0_.id_utente=?
2023-02-10 01:02:26.623  INFO 23986 --- [ null to remote] o.o.selenium.remote.ProtocolHandshake    : Detected dialect: W3C
Hibernate: select person0_.id as id1_1_, person0_.cognome as cognome2_1_, person0_.email as email3_1_, person0_.nome as nome4_1_, person0_.password as password5_1_, person0_.username as username6_1_ from person person0_ where person0_.username=?
Hibernate: select person0_.id as id1_1_0_, person0_.cognome as cognome2_1_0_, person0_.email as email3_1_0_, person0_.nome as nome4_1_0_, person0_.password as password5_1_0_, person0_.username as username6_1_0_ from person person0_ where person0_.id=?
Hibernate: select misurazion0_.id as id1_0_, misurazion0_.commento as commento2_0_, misurazion0_.glicemia as glicemia3_0_, misurazion0_.id_utente as id_utent4_0_, misurazion0_.insulina as insulina5_0_, misurazion0_.time as time6_0_ from misurazione misurazion0_ where misurazion0_.id_utente=?
Hibernate: select person0_.id as id1_1_0_, person0_.cognome as cognome2_1_0_, person0_.email as email3_1_0_, person0_.nome as nome4_1_0_, person0_.password as password5_1_0_, person0_.username as username6_1_0_ from person person0_ where person0_.id=?
2023-02-10 01:02:27.970  INFO 23986 --- [ null to remote] o.o.selenium.remote.ProtocolHandshake    : Detected dialect: W3C
Hibernate: select person0_.id as id1_1_, person0_.cognome as cognome2_1_, person0_.email as email3_1_, person0_.nome as nome4_1_, person0_.password as password5_1_, person0_.username as username6_1_ from person person0_ where person0_.username=?
Hibernate: select person0_.id as id1_1_0_, person0_.cognome as cognome2_1_0_, person0_.email as email3_1_0_, person0_.nome as nome4_1_0_, person0_.password as password5_1_0_, person0_.username as username6_1_0_ from person person0_ where person0_.id=?
Hibernate: select misurazion0_.id as id1_0_, misurazion0_.commento as commento2_0_, misurazion0_.glicemia as glicemia3_0_, misurazion0_.id_utente as id_utent4_0_, misurazion0_.insulina as insulina5_0_, misurazion0_.time as time6_0_ from misurazione misurazion0_ where misurazion0_.id_utente=?
Hibernate: select person0_.id as id1_1_0_, person0_.cognome as cognome2_1_0_, person0_.email as email3_1_0_, person0_.nome as nome4_1_0_, person0_.password as password5_1_0_, person0_.username as username6_1_0_ from person person0_ where person0_.id=?
Hibernate: select misurazion0_.id as id1_0_0_, misurazion0_.commento as commento2_0_0_, misurazion0_.glicemia as glicemia3_0_0_, misurazion0_.id_utente as id_utent4_0_0_, misurazion0_.insulina as insulina5_0_0_, misurazion0_.time as time6_0_0_ from misurazione misurazion0_ where misurazion0_.id=?
Hibernate: delete from misurazione where id=?
Hibernate: select misurazion0_.id as id1_0_, misurazion0_.commento as commento2_0_, misurazion0_.glicemia as glicemia3_0_, misurazion0_.id_utente as id_utent4_0_, misurazion0_.insulina as insulina5_0_, misurazion0_.time as time6_0_ from misurazione misurazion0_ where misurazion0_.id_utente=?
2023-02-10 01:02:29.400  INFO 23986 --- [ null to remote] o.o.selenium.remote.ProtocolHandshake    : Detected dialect: W3C
Hibernate: select person0_.id as id1_1_, person0_.cognome as cognome2_1_, person0_.email as email3_1_, person0_.nome as nome4_1_, person0_.password as password5_1_, person0_.username as username6_1_ from person person0_ where person0_.username=?
Hibernate: select person0_.id as id1_1_0_, person0_.cognome as cognome2_1_0_, person0_.email as email3_1_0_, person0_.nome as nome4_1_0_, person0_.password as password5_1_0_, person0_.username as username6_1_0_ from person person0_ where person0_.id=?
Hibernate: select misurazion0_.id as id1_0_, misurazion0_.commento as commento2_0_, misurazion0_.glicemia as glicemia3_0_, misurazion0_.id_utente as id_utent4_0_, misurazion0_.insulina as insulina5_0_, misurazion0_.time as time6_0_ from misurazione misurazion0_ where misurazion0_.id_utente=?
Hibernate: select person0_.id as id1_1_0_, person0_.cognome as cognome2_1_0_, person0_.email as email3_1_0_, person0_.nome as nome4_1_0_, person0_.password as password5_1_0_, person0_.username as username6_1_0_ from person person0_ where person0_.id=?
Hibernate: call next value for hibernate_sequence
Hibernate: insert into misurazione (commento, glicemia, id_utente, insulina, time, id) values (?, ?, ?, ?, ?, ?)
Hibernate: select misurazion0_.id as id1_0_, misurazion0_.commento as commento2_0_, misurazion0_.glicemia as glicemia3_0_, misurazion0_.id_utente as id_utent4_0_, misurazion0_.insulina as insulina5_0_, misurazion0_.time as time6_0_ from misurazione misurazion0_ where misurazion0_.id_utente=?
Hibernate: select person0_.id as id1_1_, person0_.cognome as cognome2_1_, person0_.email as email3_1_, person0_.nome as nome4_1_, person0_.password as password5_1_, person0_.username as username6_1_ from person person0_ where person0_.username=?
Hibernate: select person0_.id as id1_1_0_, person0_.cognome as cognome2_1_0_, person0_.email as email3_1_0_, person0_.nome as nome4_1_0_, person0_.password as password5_1_0_, person0_.username as username6_1_0_ from person person0_ where person0_.id=?
Hibernate: select misurazion0_.id as id1_0_, misurazion0_.commento as commento2_0_, misurazion0_.glicemia as glicemia3_0_, misurazion0_.id_utente as id_utent4_0_, misurazion0_.insulina as insulina5_0_, misurazion0_.time as time6_0_ from misurazione misurazion0_ where misurazion0_.id_utente=?
Hibernate: select person0_.id as id1_1_0_, person0_.cognome as cognome2_1_0_, person0_.email as email3_1_0_, person0_.nome as nome4_1_0_, person0_.password as password5_1_0_, person0_.username as username6_1_0_ from person person0_ where person0_.id=?
Hibernate: select misurazion0_.id as id1_0_, misurazion0_.commento as commento2_0_, misurazion0_.glicemia as glicemia3_0_, misurazion0_.id_utente as id_utent4_0_, misurazion0_.insulina as insulina5_0_, misurazion0_.time as time6_0_ from misurazione misurazion0_ where misurazion0_.id_utente=?
Hibernate: delete from misurazione where id=?
2023-02-10 01:02:31.559  INFO 23986 --- [ null to remote] o.o.selenium.remote.ProtocolHandshake    : Detected dialect: W3C
Hibernate: select person0_.id as id1_1_, person0_.cognome as cognome2_1_, person0_.email as email3_1_, person0_.nome as nome4_1_, person0_.password as password5_1_, person0_.username as username6_1_ from person person0_ where person0_.username=?
Hibernate: select person0_.id as id1_1_0_, person0_.cognome as cognome2_1_0_, person0_.email as email3_1_0_, person0_.nome as nome4_1_0_, person0_.password as password5_1_0_, person0_.username as username6_1_0_ from person person0_ where person0_.id=?
Hibernate: select misurazion0_.id as id1_0_, misurazion0_.commento as commento2_0_, misurazion0_.glicemia as glicemia3_0_, misurazion0_.id_utente as id_utent4_0_, misurazion0_.insulina as insulina5_0_, misurazion0_.time as time6_0_ from misurazione misurazion0_ where misurazion0_.id_utente=?
Hibernate: select person0_.id as id1_1_0_, person0_.cognome as cognome2_1_0_, person0_.email as email3_1_0_, person0_.nome as nome4_1_0_, person0_.password as password5_1_0_, person0_.username as username6_1_0_ from person person0_ where person0_.id=?
Hibernate: call next value for hibernate_sequence
Hibernate: insert into misurazione (commento, glicemia, id_utente, insulina, time, id) values (?, ?, ?, ?, ?, ?)
Hibernate: select misurazion0_.id as id1_0_, misurazion0_.commento as commento2_0_, misurazion0_.glicemia as glicemia3_0_, misurazion0_.id_utente as id_utent4_0_, misurazion0_.insulina as insulina5_0_, misurazion0_.time as time6_0_ from misurazione misurazion0_ where misurazion0_.id_utente=?
Hibernate: select person0_.id as id1_1_, person0_.cognome as cognome2_1_, person0_.email as email3_1_, person0_.nome as nome4_1_, person0_.password as password5_1_, person0_.username as username6_1_ from person person0_ where person0_.username=?
Hibernate: select person0_.id as id1_1_0_, person0_.cognome as cognome2_1_0_, person0_.email as email3_1_0_, person0_.nome as nome4_1_0_, person0_.password as password5_1_0_, person0_.username as username6_1_0_ from person person0_ where person0_.id=?
Hibernate: select misurazion0_.id as id1_0_, misurazion0_.commento as commento2_0_, misurazion0_.glicemia as glicemia3_0_, misurazion0_.id_utente as id_utent4_0_, misurazion0_.insulina as insulina5_0_, misurazion0_.time as time6_0_ from misurazione misurazion0_ where misurazion0_.id_utente=?
Hibernate: select person0_.id as id1_1_0_, person0_.cognome as cognome2_1_0_, person0_.email as email3_1_0_, person0_.nome as nome4_1_0_, person0_.password as password5_1_0_, person0_.username as username6_1_0_ from person person0_ where person0_.id=?
2023-02-10 01:02:33.622  INFO 23986 --- [ null to remote] o.o.selenium.remote.ProtocolHandshake    : Detected dialect: W3C
Hibernate: select person0_.id as id1_1_, person0_.cognome as cognome2_1_, person0_.email as email3_1_, person0_.nome as nome4_1_, person0_.password as password5_1_, person0_.username as username6_1_ from person person0_ where person0_.username=?
2023-02-10 01:02:34.905  INFO 23986 --- [ null to remote] o.o.selenium.remote.ProtocolHandshake    : Detected dialect: W3C
Hibernate: select person0_.id as id1_1_, person0_.cognome as cognome2_1_, person0_.email as email3_1_, person0_.nome as nome4_1_, person0_.password as password5_1_, person0_.username as username6_1_ from person person0_ where person0_.username=?
Hibernate: select person0_.id as id1_1_0_, person0_.cognome as cognome2_1_0_, person0_.email as email3_1_0_, person0_.nome as nome4_1_0_, person0_.password as password5_1_0_, person0_.username as username6_1_0_ from person person0_ where person0_.id=?
Hibernate: select person0_.id as id1_1_0_, person0_.cognome as cognome2_1_0_, person0_.email as email3_1_0_, person0_.nome as nome4_1_0_, person0_.password as password5_1_0_, person0_.username as username6_1_0_ from person person0_ where person0_.id=?
Hibernate: delete from person where id=?
Hibernate: select person0_.id as id1_1_, person0_.cognome as cognome2_1_, person0_.email as email3_1_, person0_.nome as nome4_1_, person0_.password as password5_1_, person0_.username as username6_1_ from person person0_ where person0_.username=?
2023-02-10 01:02:36.436  INFO 23986 --- [ null to remote] o.o.selenium.remote.ProtocolHandshake    : Detected dialect: W3C
Hibernate: select person0_.id as id1_1_, person0_.cognome as cognome2_1_, person0_.email as email3_1_, person0_.nome as nome4_1_, person0_.password as password5_1_, person0_.username as username6_1_ from person person0_ where person0_.username=?
Hibernate: select person0_.id as id1_1_0_, person0_.cognome as cognome2_1_0_, person0_.email as email3_1_0_, person0_.nome as nome4_1_0_, person0_.password as password5_1_0_, person0_.username as username6_1_0_ from person person0_ where person0_.id=?
Hibernate: select person0_.id as id1_1_0_, person0_.cognome as cognome2_1_0_, person0_.email as email3_1_0_, person0_.nome as nome4_1_0_, person0_.password as password5_1_0_, person0_.username as username6_1_0_ from person person0_ where person0_.id=?
Hibernate: delete from person where id=?
Hibernate: select person0_.id as id1_1_, person0_.cognome as cognome2_1_, person0_.email as email3_1_, person0_.nome as nome4_1_, person0_.password as password5_1_, person0_.username as username6_1_ from person person0_ where person0_.username=?
2023-02-10 01:02:37.904  INFO 23986 --- [ null to remote] o.o.selenium.remote.ProtocolHandshake    : Detected dialect: W3C
2023-02-10 01:02:38.618  INFO 23986 --- [ null to remote] o.o.selenium.remote.ProtocolHandshake    : Detected dialect: W3C
2023-02-10 01:02:39.357  INFO 23986 --- [ null to remote] o.o.selenium.remote.ProtocolHandshake    : Detected dialect: W3C
]]></system-out>
  <system-err><![CDATA[Starting ChromeDriver 108.0.5359.71 (1e0e3868ee06e91ad636a874420e3ca3ae3756ac-refs/branch-heads/5359@{#1016}) on port 46381
Only local connections are allowed.
Please see https://chromedriver.chromium.org/security-considerations for suggestions on keeping ChromeDriver safe.
ChromeDriver was started successfully.
[1675987294.629][WARNING]: This version of ChromeDriver has not been tested with Chrome version 109.
Starting ChromeDriver 108.0.5359.71 (1e0e3868ee06e91ad636a874420e3ca3ae3756ac-refs/branch-heads/5359@{#1016}) on port 48022
Only local connections are allowed.
Please see https://chromedriver.chromium.org/security-considerations for suggestions on keeping ChromeDriver safe.
ChromeDriver was started successfully.
[1675987299.595][WARNING]: This version of ChromeDriver has not been tested with Chrome version 109.
Starting ChromeDriver 108.0.5359.71 (1e0e3868ee06e91ad636a874420e3ca3ae3756ac-refs/branch-heads/5359@{#1016}) on port 1235
Only local connections are allowed.
Please see https://chromedriver.chromium.org/security-considerations for suggestions on keeping ChromeDriver safe.
ChromeDriver was started successfully.
[1675987301.374][WARNING]: This version of ChromeDriver has not been tested with Chrome version 109.
Starting ChromeDriver 108.0.5359.71 (1e0e3868ee06e91ad636a874420e3ca3ae3756ac-refs/branch-heads/5359@{#1016}) on port 28305
Only local connections are allowed.
Please see https://chromedriver.chromium.org/security-considerations for suggestions on keeping ChromeDriver safe.
ChromeDriver was started successfully.
[1675987303.017][WARNING]: This version of ChromeDriver has not been tested with Chrome version 109.
Starting ChromeDriver 108.0.5359.71 (1e0e3868ee06e91ad636a874420e3ca3ae3756ac-refs/branch-heads/5359@{#1016}) on port 36300
Only local connections are allowed.
Please see https://chromedriver.chromium.org/security-considerations for suggestions on keeping ChromeDriver safe.
ChromeDriver was started successfully.
[1675987304.562][WARNING]: This version of ChromeDriver has not been tested with Chrome version 109.
Starting ChromeDriver 108.0.5359.71 (1e0e3868ee06e91ad636a874420e3ca3ae3756ac-refs/branch-heads/5359@{#1016}) on port 33184
Only local connections are allowed.
Please see https://chromedriver.chromium.org/security-considerations for suggestions on keeping ChromeDriver safe.
ChromeDriver was started successfully.
[1675987306.120][WARNING]: This version of ChromeDriver has not been tested with Chrome version 109.
Starting ChromeDriver 108.0.5359.71 (1e0e3868ee06e91ad636a874420e3ca3ae3756ac-refs/branch-heads/5359@{#1016}) on port 26753
Only local connections are allowed.
Please see https://chromedriver.chromium.org/security-considerations for suggestions on keeping ChromeDriver safe.
ChromeDriver was started successfully.
[1675987307.786][WARNING]: This version of ChromeDriver has not been tested with Chrome version 109.
Starting ChromeDriver 108.0.5359.71 (1e0e3868ee06e91ad636a874420e3ca3ae3756ac-refs/branch-heads/5359@{#1016}) on port 12426
Only local connections are allowed.
Please see https://chromedriver.chromium.org/security-considerations for suggestions on keeping ChromeDriver safe.
ChromeDriver was started successfully.
[1675987309.415][WARNING]: This version of ChromeDriver has not been tested with Chrome version 109.
Starting ChromeDriver 108.0.5359.71 (1e0e3868ee06e91ad636a874420e3ca3ae3756ac-refs/branch-heads/5359@{#1016}) on port 20454
Only local connections are allowed.
Please see https://chromedriver.chromium.org/security-considerations for suggestions on keeping ChromeDriver safe.
ChromeDriver was started successfully.
[1675987310.965][WARNING]: This version of ChromeDriver has not been tested with Chrome version 109.
Starting ChromeDriver 108.0.5359.71 (1e0e3868ee06e91ad636a874420e3ca3ae3756ac-refs/branch-heads/5359@{#1016}) on port 13347
Only local connections are allowed.
Please see https://chromedriver.chromium.org/security-considerations for suggestions on keeping ChromeDriver safe.
ChromeDriver was started successfully.
[1675987312.109][WARNING]: This version of ChromeDriver has not been tested with Chrome version 109.
Starting ChromeDriver 108.0.5359.71 (1e0e3868ee06e91ad636a874420e3ca3ae3756ac-refs/branch-heads/5359@{#1016}) on port 28900
Only local connections are allowed.
Please see https://chromedriver.chromium.org/security-considerations for suggestions on keeping ChromeDriver safe.
ChromeDriver was started successfully.
[1675987313.293][WARNING]: This version of ChromeDriver has not been tested with Chrome version 109.
Starting ChromeDriver 108.0.5359.71 (1e0e3868ee06e91ad636a874420e3ca3ae3756ac-refs/branch-heads/5359@{#1016}) on port 39714
Only local connections are allowed.
Please see https://chromedriver.chromium.org/security-considerations for suggestions on keeping ChromeDriver safe.
ChromeDriver was started successfully.
[1675987314.434][WARNING]: This version of ChromeDriver has not been tested with Chrome version 109.
Starting ChromeDriver 108.0.5359.71 (1e0e3868ee06e91ad636a874420e3ca3ae3756ac-refs/branch-heads/5359@{#1016}) on port 12190
Only local connections are allowed.
Please see https://chromedriver.chromium.org/security-considerations for suggestions on keeping ChromeDriver safe.
ChromeDriver was started successfully.
[1675987315.625][WARNING]: This version of ChromeDriver has not been tested with Chrome version 109.
Starting ChromeDriver 108.0.5359.71 (1e0e3868ee06e91ad636a874420e3ca3ae3756ac-refs/branch-heads/5359@{#1016}) on port 14703
Only local connections are allowed.
Please see https://chromedriver.chromium.org/security-considerations for suggestions on keeping ChromeDriver safe.
ChromeDriver was started successfully.
[1675987317.023][WARNING]: This version of ChromeDriver has not been tested with Chrome version 109.
Starting ChromeDriver 108.0.5359.71 (1e0e3868ee06e91ad636a874420e3ca3ae3756ac-refs/branch-heads/5359@{#1016}) on port 43199
Only local connections are allowed.
Please see https://chromedriver.chromium.org/security-considerations for suggestions on keeping ChromeDriver safe.
ChromeDriver was started successfully.
[1675987318.326][WARNING]: This version of ChromeDriver has not been tested with Chrome version 109.
Starting ChromeDriver 108.0.5359.71 (1e0e3868ee06e91ad636a874420e3ca3ae3756ac-refs/branch-heads/5359@{#1016}) on port 19108
Only local connections are allowed.
Please see https://chromedriver.chromium.org/security-considerations for suggestions on keeping ChromeDriver safe.
ChromeDriver was started successfully.
[1675987319.588][WARNING]: This version of ChromeDriver has not been tested with Chrome version 109.
Starting ChromeDriver 108.0.5359.71 (1e0e3868ee06e91ad636a874420e3ca3ae3756ac-refs/branch-heads/5359@{#1016}) on port 43014
Only local connections are allowed.
Please see https://chromedriver.chromium.org/security-considerations for suggestions on keeping ChromeDriver safe.
ChromeDriver was started successfully.
[1675987321.124][WARNING]: This version of ChromeDriver has not been tested with Chrome version 109.
Starting ChromeDriver 108.0.5359.71 (1e0e3868ee06e91ad636a874420e3ca3ae3756ac-refs/branch-heads/5359@{#1016}) on port 24048
Only local connections are allowed.
Please see https://chromedriver.chromium.org/security-considerations for suggestions on keeping ChromeDriver safe.
ChromeDriver was started successfully.
[1675987322.639][WARNING]: This version of ChromeDriver has not been tested with Chrome version 109.
Starting ChromeDriver 108.0.5359.71 (1e0e3868ee06e91ad636a874420e3ca3ae3756ac-refs/branch-heads/5359@{#1016}) on port 1199
Only local connections are allowed.
Please see https://chromedriver.chromium.org/security-considerations for suggestions on keeping ChromeDriver safe.
ChromeDriver was started successfully.
[1675987324.163][WARNING]: This version of ChromeDriver has not been tested with Chrome version 109.
Starting ChromeDriver 108.0.5359.71 (1e0e3868ee06e91ad636a874420e3ca3ae3756ac-refs/branch-heads/5359@{#1016}) on port 7418
Only local connections are allowed.
Please see https://chromedriver.chromium.org/security-considerations for suggestions on keeping ChromeDriver safe.
ChromeDriver was started successfully.
[1675987325.699][WARNING]: This version of ChromeDriver has not been tested with Chrome version 109.
Starting ChromeDriver 108.0.5359.71 (1e0e3868ee06e91ad636a874420e3ca3ae3756ac-refs/branch-heads/5359@{#1016}) on port 45316
Only local connections are allowed.
Please see https://chromedriver.chromium.org/security-considerations for suggestions on keeping ChromeDriver safe.
ChromeDriver was started successfully.
[1675987327.191][WARNING]: This version of ChromeDriver has not been tested with Chrome version 109.
Starting ChromeDriver 108.0.5359.71 (1e0e3868ee06e91ad636a874420e3ca3ae3756ac-refs/branch-heads/5359@{#1016}) on port 21547
Only local connections are allowed.
Please see https://chromedriver.chromium.org/security-considerations for suggestions on keeping ChromeDriver safe.
ChromeDriver was started successfully.
[1675987328.666][WARNING]: This version of ChromeDriver has not been tested with Chrome version 109.
Starting ChromeDriver 108.0.5359.71 (1e0e3868ee06e91ad636a874420e3ca3ae3756ac-refs/branch-heads/5359@{#1016}) on port 3519
Only local connections are allowed.
Please see https://chromedriver.chromium.org/security-considerations for suggestions on keeping ChromeDriver safe.
ChromeDriver was started successfully.
[1675987330.205][WARNING]: This version of ChromeDriver has not been tested with Chrome version 109.
Starting ChromeDriver 108.0.5359.71 (1e0e3868ee06e91ad636a874420e3ca3ae3756ac-refs/branch-heads/5359@{#1016}) on port 2007
Only local connections are allowed.
Please see https://chromedriver.chromium.org/security-considerations for suggestions on keeping ChromeDriver safe.
ChromeDriver was started successfully.
[1675987331.806][WARNING]: This version of ChromeDriver has not been tested with Chrome version 109.
Starting ChromeDriver 108.0.5359.71 (1e0e3868ee06e91ad636a874420e3ca3ae3756ac-refs/branch-heads/5359@{#1016}) on port 37568
Only local connections are allowed.
Please see https://chromedriver.chromium.org/security-considerations for suggestions on keeping ChromeDriver safe.
ChromeDriver was started successfully.
[1675987333.276][WARNING]: This version of ChromeDriver has not been tested with Chrome version 109.
Starting ChromeDriver 108.0.5359.71 (1e0e3868ee06e91ad636a874420e3ca3ae3756ac-refs/branch-heads/5359@{#1016}) on port 12229
Only local connections are allowed.
Please see https://chromedriver.chromium.org/security-considerations for suggestions on keeping ChromeDriver safe.
ChromeDriver was started successfully.
[1675987334.929][WARNING]: This version of ChromeDriver has not been tested with Chrome version 109.
Starting ChromeDriver 108.0.5359.71 (1e0e3868ee06e91ad636a874420e3ca3ae3756ac-refs/branch-heads/5359@{#1016}) on port 45856
Only local connections are allowed.
Please see https://chromedriver.chromium.org/security-considerations for suggestions on keeping ChromeDriver safe.
ChromeDriver was started successfully.
[1675987336.554][WARNING]: This version of ChromeDriver has not been tested with Chrome version 109.
Starting ChromeDriver 108.0.5359.71 (1e0e3868ee06e91ad636a874420e3ca3ae3756ac-refs/branch-heads/5359@{#1016}) on port 31164
Only local connections are allowed.
Please see https://chromedriver.chromium.org/security-considerations for suggestions on keeping ChromeDriver safe.
ChromeDriver was started successfully.
[1675987338.142][WARNING]: This version of ChromeDriver has not been tested with Chrome version 109.
Starting ChromeDriver 108.0.5359.71 (1e0e3868ee06e91ad636a874420e3ca3ae3756ac-refs/branch-heads/5359@{#1016}) on port 39211
Only local connections are allowed.
Please see https://chromedriver.chromium.org/security-considerations for suggestions on keeping ChromeDriver safe.
ChromeDriver was started successfully.
[1675987339.750][WARNING]: This version of ChromeDriver has not been tested with Chrome version 109.
Starting ChromeDriver 108.0.5359.71 (1e0e3868ee06e91ad636a874420e3ca3ae3756ac-refs/branch-heads/5359@{#1016}) on port 30471
Only local connections are allowed.
Please see https://chromedriver.chromium.org/security-considerations for suggestions on keeping ChromeDriver safe.
ChromeDriver was started successfully.
[1675987341.323][WARNING]: This version of ChromeDriver has not been tested with Chrome version 109.
Starting ChromeDriver 108.0.5359.71 (1e0e3868ee06e91ad636a874420e3ca3ae3756ac-refs/branch-heads/5359@{#1016}) on port 22656
Only local connections are allowed.
Please see https://chromedriver.chromium.org/security-considerations for suggestions on keeping ChromeDriver safe.
ChromeDriver was started successfully.
[1675987342.911][WARNING]: This version of ChromeDriver has not been tested with Chrome version 109.
Starting ChromeDriver 108.0.5359.71 (1e0e3868ee06e91ad636a874420e3ca3ae3756ac-refs/branch-heads/5359@{#1016}) on port 27816
Only local connections are allowed.
Please see https://chromedriver.chromium.org/security-considerations for suggestions on keeping ChromeDriver safe.
ChromeDriver was started successfully.
[1675987344.612][WARNING]: This version of ChromeDriver has not been tested with Chrome version 109.
Starting ChromeDriver 108.0.5359.71 (1e0e3868ee06e91ad636a874420e3ca3ae3756ac-refs/branch-heads/5359@{#1016}) on port 22018
Only local connections are allowed.
Please see https://chromedriver.chromium.org/security-considerations for suggestions on keeping ChromeDriver safe.
ChromeDriver was started successfully.
[1675987346.234][WARNING]: This version of ChromeDriver has not been tested with Chrome version 109.
Starting ChromeDriver 108.0.5359.71 (1e0e3868ee06e91ad636a874420e3ca3ae3756ac-refs/branch-heads/5359@{#1016}) on port 25585
Only local connections are allowed.
Please see https://chromedriver.chromium.org/security-considerations for suggestions on keeping ChromeDriver safe.
ChromeDriver was started successfully.
[1675987347.585][WARNING]: This version of ChromeDriver has not been tested with Chrome version 109.
Starting ChromeDriver 108.0.5359.71 (1e0e3868ee06e91ad636a874420e3ca3ae3756ac-refs/branch-heads/5359@{#1016}) on port 47025
Only local connections are allowed.
Please see https://chromedriver.chromium.org/security-considerations for suggestions on keeping ChromeDriver safe.
ChromeDriver was started successfully.
[1675987349.012][WARNING]: This version of ChromeDriver has not been tested with Chrome version 109.
Starting ChromeDriver 108.0.5359.71 (1e0e3868ee06e91ad636a874420e3ca3ae3756ac-refs/branch-heads/5359@{#1016}) on port 9157
Only local connections are allowed.
Please see https://chromedriver.chromium.org/security-considerations for suggestions on keeping ChromeDriver safe.
ChromeDriver was started successfully.
[1675987351.150][WARNING]: This version of ChromeDriver has not been tested with Chrome version 109.
Starting ChromeDriver 108.0.5359.71 (1e0e3868ee06e91ad636a874420e3ca3ae3756ac-refs/branch-heads/5359@{#1016}) on port 16170
Only local connections are allowed.
Please see https://chromedriver.chromium.org/security-considerations for suggestions on keeping ChromeDriver safe.
ChromeDriver was started successfully.
[1675987353.110][WARNING]: This version of ChromeDriver has not been tested with Chrome version 109.
Starting ChromeDriver 108.0.5359.71 (1e0e3868ee06e91ad636a874420e3ca3ae3756ac-refs/branch-heads/5359@{#1016}) on port 41845
Only local connections are allowed.
Please see https://chromedriver.chromium.org/security-considerations for suggestions on keeping ChromeDriver safe.
ChromeDriver was started successfully.
[1675987354.491][WARNING]: This version of ChromeDriver has not been tested with Chrome version 109.
Starting ChromeDriver 108.0.5359.71 (1e0e3868ee06e91ad636a874420e3ca3ae3756ac-refs/branch-heads/5359@{#1016}) on port 34313
Only local connections are allowed.
Please see https://chromedriver.chromium.org/security-considerations for suggestions on keeping ChromeDriver safe.
ChromeDriver was started successfully.
[1675987356.041][WARNING]: This version of ChromeDriver has not been tested with Chrome version 109.
Starting ChromeDriver 108.0.5359.71 (1e0e3868ee06e91ad636a874420e3ca3ae3756ac-refs/branch-heads/5359@{#1016}) on port 1072
Only local connections are allowed.
Please see https://chromedriver.chromium.org/security-considerations for suggestions on keeping ChromeDriver safe.
ChromeDriver was started successfully.
[1675987357.511][WARNING]: This version of ChromeDriver has not been tested with Chrome version 109.
Starting ChromeDriver 108.0.5359.71 (1e0e3868ee06e91ad636a874420e3ca3ae3756ac-refs/branch-heads/5359@{#1016}) on port 14182
Only local connections are allowed.
Please see https://chromedriver.chromium.org/security-considerations for suggestions on keeping ChromeDriver safe.
ChromeDriver was started successfully.
[1675987358.246][WARNING]: This version of ChromeDriver has not been tested with Chrome version 109.
Starting ChromeDriver 108.0.5359.71 (1e0e3868ee06e91ad636a874420e3ca3ae3756ac-refs/branch-heads/5359@{#1016}) on port 30607
Only local connections are allowed.
Please see https://chromedriver.chromium.org/security-considerations for suggestions on keeping ChromeDriver safe.
ChromeDriver was started successfully.
[1675987358.964][WARNING]: This version of ChromeDriver has not been tested with Chrome version 109.
]]></system-err>
</testsuite>
