<?xml version="1.0" encoding="UTF-8"?>
<testsuite name="demo.SystemTest" tests="41" skipped="0" failures="0" errors="0" timestamp="2023-01-17T13:42:47" hostname="MacBook-Pro-di-Alessio-2.local" time="62.452">
  <properties/>
  <testcase name="AAtestCreaNuovoUtente" classname="demo.SystemTest" time="3.946"/>
  <testcase name="ABtestCreaNuovoUtente" classname="demo.SystemTest" time="1.639"/>
  <testcase name="ACtestCreaNuovoUtente" classname="demo.SystemTest" time="1.565"/>
  <testcase name="ADtestCreaNuovoUtente" classname="demo.SystemTest" time="1.541"/>
  <testcase name="AEtestCreaNuovoUtente" classname="demo.SystemTest" time="1.567"/>
  <testcase name="AFtestCreaNuovoUtente" classname="demo.SystemTest" time="1.611"/>
  <testcase name="AGtestCreaNuovoUtente" classname="demo.SystemTest" time="1.611"/>
  <testcase name="AHtestCreaNuovoUtente" classname="demo.SystemTest" time="1.576"/>
  <testcase name="BAtestLogIn" classname="demo.SystemTest" time="1.286"/>
  <testcase name="BBtestLogIn" classname="demo.SystemTest" time="1.234"/>
  <testcase name="BCtestLogIn" classname="demo.SystemTest" time="1.222"/>
  <testcase name="BDtestLogIn" classname="demo.SystemTest" time="1.194"/>
  <testcase name="DAtestUtente" classname="demo.SystemTest" time="1.318"/>
  <testcase name="DBtestUtente" classname="demo.SystemTest" time="1.336"/>
  <testcase name="DCtestUtente" classname="demo.SystemTest" time="1.266"/>
  <testcase name="EAtestProfilo" classname="demo.SystemTest" time="1.502"/>
  <testcase name="EBtestProfilo" classname="demo.SystemTest" time="1.519"/>
  <testcase name="ECtestProfilo" classname="demo.SystemTest" time="1.665"/>
  <testcase name="EDtestProfilo" classname="demo.SystemTest" time="1.486"/>
  <testcase name="EEtestProfilo" classname="demo.SystemTest" time="1.501"/>
  <testcase name="EFtestProfilo" classname="demo.SystemTest" time="1.472"/>
  <testcase name="EGtestProfilo" classname="demo.SystemTest" time="1.528"/>
  <testcase name="EHtestProfilo" classname="demo.SystemTest" time="1.515"/>
  <testcase name="EItestIndietro" classname="demo.SystemTest" time="1.36"/>
  <testcase name="FAtestPompaInsulinica" classname="demo.SystemTest" time="1.544"/>
  <testcase name="FBtestPompaInsulinica" classname="demo.SystemTest" time="1.605"/>
  <testcase name="FCtestPompaInsulinica" classname="demo.SystemTest" time="1.591"/>
  <testcase name="FDtestPompaInsulinica" classname="demo.SystemTest" time="1.572"/>
  <testcase name="FEtestPompaInsulinica" classname="demo.SystemTest" time="1.584"/>
  <testcase name="FFtestPompaInsulinica" classname="demo.SystemTest" time="1.532"/>
  <testcase name="FGtestPompaInsulinica" classname="demo.SystemTest" time="1.589"/>
  <testcase name="FHtestPompaInsulinica" classname="demo.SystemTest" time="1.576"/>
  <testcase name="FItestIndietro" classname="demo.SystemTest" time="1.269"/>
  <testcase name="GAtestCronologia" classname="demo.SystemTest" time="1.434"/>
  <testcase name="GBtestCronologia" classname="demo.SystemTest" time="2.014"/>
  <testcase name="GCtestIndietro" classname="demo.SystemTest" time="2.001"/>
  <testcase name="HAtestLogOut" classname="demo.SystemTest" time="1.198"/>
  <testcase name="IAtestDelete" classname="demo.SystemTest" time="1.464"/>
  <testcase name="IBtestDelete" classname="demo.SystemTest" time="1.486"/>
  <testcase name="JAtestChangeIdPerson" classname="demo.SystemTest" time="0.756"/>
  <testcase name="KAtestToStringPersona" classname="demo.SystemTest" time="0.757"/>
  <system-out><![CDATA[14:42:39.474 [Test worker] DEBUG org.springframework.test.context.junit4.SpringJUnit4ClassRunner - SpringJUnit4ClassRunner constructor called with [class demo.SystemTest]
14:42:39.489 [Test worker] DEBUG org.springframework.test.context.BootstrapUtils - Instantiating CacheAwareContextLoaderDelegate from class [org.springframework.test.context.cache.DefaultCacheAwareContextLoaderDelegate]
14:42:39.510 [Test worker] DEBUG org.springframework.test.context.BootstrapUtils - Instantiating BootstrapContext using constructor [public org.springframework.test.context.support.DefaultBootstrapContext(java.lang.Class,org.springframework.test.context.CacheAwareContextLoaderDelegate)]
14:42:39.586 [Test worker] DEBUG org.springframework.test.context.BootstrapUtils - Instantiating TestContextBootstrapper for test class [demo.SystemTest] from class [org.springframework.boot.test.context.SpringBootTestContextBootstrapper]
14:42:39.624 [Test worker] INFO org.springframework.boot.test.context.SpringBootTestContextBootstrapper - Neither @ContextConfiguration nor @ContextHierarchy found for test class [demo.SystemTest], using SpringBootContextLoader
14:42:39.634 [Test worker] DEBUG org.springframework.test.context.support.AbstractContextLoader - Did not detect default resource location for test class [demo.SystemTest]: class path resource [demo/SystemTest-context.xml] does not exist
14:42:39.634 [Test worker] DEBUG org.springframework.test.context.support.AbstractContextLoader - Did not detect default resource location for test class [demo.SystemTest]: class path resource [demo/SystemTestContext.groovy] does not exist
14:42:39.635 [Test worker] INFO org.springframework.test.context.support.AbstractContextLoader - Could not detect default resource locations for test class [demo.SystemTest]: no resource found for suffixes {-context.xml, Context.groovy}.
14:42:39.638 [Test worker] INFO org.springframework.test.context.support.AnnotationConfigContextLoaderUtils - Could not detect default configuration classes for test class [demo.SystemTest]: SystemTest does not declare any static, non-private, non-final, nested classes annotated with @Configuration.
14:42:39.724 [Test worker] DEBUG org.springframework.test.context.support.ActiveProfilesUtils - Could not find an 'annotation declaring class' for annotation type [org.springframework.test.context.ActiveProfiles] and class [demo.SystemTest]
14:42:39.862 [Test worker] DEBUG org.springframework.context.annotation.ClassPathScanningCandidateComponentProvider - Identified candidate component class: file [/Users/aletane/IdeaProjects/PompaInsulinica/PompaInsulinica/build/classes/java/main/demo/ServingWebContentApplication.class]
14:42:39.863 [Test worker] INFO org.springframework.boot.test.context.SpringBootTestContextBootstrapper - Found @SpringBootConfiguration demo.ServingWebContentApplication for test class demo.SystemTest
14:42:40.084 [Test worker] DEBUG org.springframework.boot.test.context.SpringBootTestContextBootstrapper - @TestExecutionListeners is not present for class [demo.SystemTest]: using defaults.
14:42:40.088 [Test worker] INFO org.springframework.boot.test.context.SpringBootTestContextBootstrapper - Loaded default TestExecutionListener class names from location [META-INF/spring.factories]: [org.springframework.boot.test.autoconfigure.restdocs.RestDocsTestExecutionListener, org.springframework.boot.test.autoconfigure.web.client.MockRestServiceServerResetTestExecutionListener, org.springframework.boot.test.autoconfigure.web.servlet.MockMvcPrintOnlyOnFailureTestExecutionListener, org.springframework.boot.test.autoconfigure.web.servlet.WebDriverTestExecutionListener, org.springframework.boot.test.autoconfigure.webservices.client.MockWebServiceServerTestExecutionListener, org.springframework.boot.test.mock.mockito.MockitoTestExecutionListener, org.springframework.boot.test.mock.mockito.ResetMocksTestExecutionListener, org.springframework.test.context.web.ServletTestExecutionListener, org.springframework.test.context.support.DirtiesContextBeforeModesTestExecutionListener, org.springframework.test.context.support.DependencyInjectionTestExecutionListener, org.springframework.test.context.support.DirtiesContextTestExecutionListener, org.springframework.test.context.transaction.TransactionalTestExecutionListener, org.springframework.test.context.jdbc.SqlScriptsTestExecutionListener, org.springframework.test.context.event.EventPublishingTestExecutionListener]
14:42:40.124 [Test worker] INFO org.springframework.boot.test.context.SpringBootTestContextBootstrapper - Using TestExecutionListeners: [org.springframework.test.context.web.ServletTestExecutionListener@7c9699df, org.springframework.test.context.support.DirtiesContextBeforeModesTestExecutionListener@4111d9f6, org.springframework.boot.test.mock.mockito.MockitoTestExecutionListener@3ca5e683, org.springframework.boot.test.autoconfigure.SpringBootDependencyInjectionTestExecutionListener@5b919b30, org.springframework.test.context.support.DirtiesContextTestExecutionListener@1301b9fc, org.springframework.test.context.transaction.TransactionalTestExecutionListener@5c100c03, org.springframework.test.context.jdbc.SqlScriptsTestExecutionListener@4f1278fc, org.springframework.test.context.event.EventPublishingTestExecutionListener@180d2235, org.springframework.boot.test.autoconfigure.restdocs.RestDocsTestExecutionListener@6ddb691, org.springframework.boot.test.autoconfigure.web.client.MockRestServiceServerResetTestExecutionListener@5af1d25d, org.springframework.boot.test.autoconfigure.web.servlet.MockMvcPrintOnlyOnFailureTestExecutionListener@6f89467, org.springframework.boot.test.autoconfigure.web.servlet.WebDriverTestExecutionListener@77951207, org.springframework.boot.test.autoconfigure.webservices.client.MockWebServiceServerTestExecutionListener@1c175b5a, org.springframework.boot.test.mock.mockito.ResetMocksTestExecutionListener@48a001bf]
14:42:40.132 [Test worker] DEBUG org.springframework.test.annotation.ProfileValueUtils - Retrieved @ProfileValueSourceConfiguration [null] for test class [demo.SystemTest]
14:42:40.133 [Test worker] DEBUG org.springframework.test.annotation.ProfileValueUtils - Retrieved ProfileValueSource type [class org.springframework.test.annotation.SystemProfileValueSource] for class [demo.SystemTest]
14:42:40.142 [Test worker] DEBUG org.springframework.test.annotation.ProfileValueUtils - Retrieved @ProfileValueSourceConfiguration [null] for test class [demo.SystemTest]
14:42:40.143 [Test worker] DEBUG org.springframework.test.annotation.ProfileValueUtils - Retrieved ProfileValueSource type [class org.springframework.test.annotation.SystemProfileValueSource] for class [demo.SystemTest]
14:42:40.143 [Test worker] DEBUG org.springframework.test.annotation.ProfileValueUtils - Retrieved @ProfileValueSourceConfiguration [null] for test class [demo.SystemTest]
14:42:40.144 [Test worker] DEBUG org.springframework.test.annotation.ProfileValueUtils - Retrieved ProfileValueSource type [class org.springframework.test.annotation.SystemProfileValueSource] for class [demo.SystemTest]
14:42:40.150 [Test worker] DEBUG org.springframework.test.context.support.AbstractDirtiesContextTestExecutionListener - Before test class: context [DefaultTestContext@41585c3f testClass = SystemTest, testInstance = [null], testMethod = [null], testException = [null], mergedContextConfiguration = [WebMergedContextConfiguration@601bc878 testClass = SystemTest, locations = '{}', classes = '{class demo.ServingWebContentApplication}', contextInitializerClasses = '[]', activeProfiles = '{}', propertySourceLocations = '{}', propertySourceProperties = '{org.springframework.boot.test.context.SpringBootTestContextBootstrapper=true}', contextCustomizers = set[org.springframework.boot.test.autoconfigure.properties.PropertyMappingContextCustomizer@0, org.springframework.boot.test.autoconfigure.web.servlet.WebDriverContextCustomizerFactory$Customizer@472c1a1a, org.springframework.boot.test.context.filter.ExcludeFilterContextCustomizer@18242532, org.springframework.boot.test.json.DuplicateJsonObjectContextCustomizerFactory$DuplicateJsonObjectContextCustomizer@3e44afc2, org.springframework.boot.test.mock.mockito.MockitoContextCustomizer@0, org.springframework.boot.test.web.client.TestRestTemplateContextCustomizer@4060e13c, org.springframework.boot.test.context.SpringBootTestArgs@1], resourceBasePath = 'src/main/webapp', contextLoader = 'org.springframework.boot.test.context.SpringBootContextLoader', parent = [null]], attributes = map['org.springframework.test.context.web.ServletTestExecutionListener.activateListener' -> false]], class annotated with @DirtiesContext [false] with mode [null].
14:42:40.153 [Test worker] DEBUG org.springframework.test.annotation.ProfileValueUtils - Retrieved @ProfileValueSourceConfiguration [null] for test class [demo.SystemTest]
14:42:40.154 [Test worker] DEBUG org.springframework.test.annotation.ProfileValueUtils - Retrieved ProfileValueSource type [class org.springframework.test.annotation.SystemProfileValueSource] for class [demo.SystemTest]
14:42:40.162 [Test worker] DEBUG org.springframework.test.context.support.DependencyInjectionTestExecutionListener - Performing dependency injection for test context [[DefaultTestContext@41585c3f testClass = SystemTest, testInstance = demo.SystemTest@5f7b2384, testMethod = [null], testException = [null], mergedContextConfiguration = [WebMergedContextConfiguration@601bc878 testClass = SystemTest, locations = '{}', classes = '{class demo.ServingWebContentApplication}', contextInitializerClasses = '[]', activeProfiles = '{}', propertySourceLocations = '{}', propertySourceProperties = '{org.springframework.boot.test.context.SpringBootTestContextBootstrapper=true}', contextCustomizers = set[org.springframework.boot.test.autoconfigure.properties.PropertyMappingContextCustomizer@0, org.springframework.boot.test.autoconfigure.web.servlet.WebDriverContextCustomizerFactory$Customizer@472c1a1a, org.springframework.boot.test.context.filter.ExcludeFilterContextCustomizer@18242532, org.springframework.boot.test.json.DuplicateJsonObjectContextCustomizerFactory$DuplicateJsonObjectContextCustomizer@3e44afc2, org.springframework.boot.test.mock.mockito.MockitoContextCustomizer@0, org.springframework.boot.test.web.client.TestRestTemplateContextCustomizer@4060e13c, org.springframework.boot.test.context.SpringBootTestArgs@1], resourceBasePath = 'src/main/webapp', contextLoader = 'org.springframework.boot.test.context.SpringBootContextLoader', parent = [null]], attributes = map['org.springframework.test.context.web.ServletTestExecutionListener.activateListener' -> false]]].
14:42:40.205 [Test worker] DEBUG org.springframework.test.context.support.TestPropertySourceUtils - Adding inlined properties to environment: {spring.jmx.enabled=false, org.springframework.boot.test.context.SpringBootTestContextBootstrapper=true}

  .   ____          _            __ _ _
 /\\ / ___'_ __ _ _(_)_ __  __ _ \ \ \ \
( ( )\___ | '_ | '_| | '_ \/ _` | \ \ \ \
 \\/  ___)| |_)| | | | | || (_| |  ) ) ) )
  '  |____| .__|_| |_|_| |_\__, | / / / /
 =========|_|==============|___/=/_/_/_/
 :: Spring Boot ::        (v2.3.2.RELEASE)

2023-01-17 14:42:40.980  INFO 31402 --- [    Test worker] demo.SystemTest                          : Starting SystemTest on MacBook-Pro-di-Alessio-2.local with PID 31402 (started by aletane in /Users/aletane/IdeaProjects/PompaInsulinica/PompaInsulinica)
2023-01-17 14:42:40.982  INFO 31402 --- [    Test worker] demo.SystemTest                          : No active profile set, falling back to default profiles: default
2023-01-17 14:42:42.127  INFO 31402 --- [    Test worker] .s.d.r.c.RepositoryConfigurationDelegate : Bootstrapping Spring Data JPA repositories in DEFERRED mode.
2023-01-17 14:42:42.237  INFO 31402 --- [    Test worker] .s.d.r.c.RepositoryConfigurationDelegate : Finished Spring Data repository scanning in 90ms. Found 2 JPA repository interfaces.
2023-01-17 14:42:43.379  INFO 31402 --- [    Test worker] o.s.b.w.embedded.tomcat.TomcatWebServer  : Tomcat initialized with port(s): 8080 (http)
2023-01-17 14:42:43.404  INFO 31402 --- [    Test worker] o.apache.catalina.core.StandardService   : Starting service [Tomcat]
2023-01-17 14:42:43.404  INFO 31402 --- [    Test worker] org.apache.catalina.core.StandardEngine  : Starting Servlet engine: [Apache Tomcat/9.0.37]
2023-01-17 14:42:43.574  INFO 31402 --- [    Test worker] o.a.c.c.C.[Tomcat].[localhost].[/]       : Initializing Spring embedded WebApplicationContext
2023-01-17 14:42:43.574  INFO 31402 --- [    Test worker] w.s.c.ServletWebServerApplicationContext : Root WebApplicationContext: initialization completed in 2533 ms
2023-01-17 14:42:43.664  INFO 31402 --- [    Test worker] com.zaxxer.hikari.HikariDataSource       : HikariPool-1 - Starting...
2023-01-17 14:42:44.257  INFO 31402 --- [    Test worker] com.zaxxer.hikari.HikariDataSource       : HikariPool-1 - Start completed.
2023-01-17 14:42:44.276  INFO 31402 --- [    Test worker] o.s.b.a.h2.H2ConsoleAutoConfiguration    : H2 console available at '/h2console'. Database available at 'jdbc:h2:~/insulinaDb'
2023-01-17 14:42:44.600  INFO 31402 --- [    Test worker] o.s.s.concurrent.ThreadPoolTaskExecutor  : Initializing ExecutorService 'applicationTaskExecutor'
2023-01-17 14:42:44.711  INFO 31402 --- [         task-1] o.hibernate.jpa.internal.util.LogHelper  : HHH000204: Processing PersistenceUnitInfo [name: default]
2023-01-17 14:42:44.873  INFO 31402 --- [         task-1] org.hibernate.Version                    : HHH000412: Hibernate ORM core version 5.4.18.Final
2023-01-17 14:42:45.277  INFO 31402 --- [         task-1] o.hibernate.annotations.common.Version   : HCANN000001: Hibernate Commons Annotations {5.1.0.Final}
2023-01-17 14:42:45.618  INFO 31402 --- [         task-1] org.hibernate.dialect.Dialect            : HHH000400: Using dialect: org.hibernate.dialect.H2Dialect
2023-01-17 14:42:46.635  INFO 31402 --- [    Test worker] o.s.b.w.embedded.tomcat.TomcatWebServer  : Tomcat started on port(s): 8080 (http) with context path ''
2023-01-17 14:42:46.639  INFO 31402 --- [    Test worker] DeferredRepositoryInitializationListener : Triggering deferred initialization of Spring Data repositories…
2023-01-17 14:42:47.270  INFO 31402 --- [         task-1] o.h.e.t.j.p.i.JtaPlatformInitiator       : HHH000490: Using JtaPlatform implementation: [org.hibernate.engine.transaction.jta.platform.internal.NoJtaPlatform]
2023-01-17 14:42:47.282  INFO 31402 --- [         task-1] j.LocalContainerEntityManagerFactoryBean : Initialized JPA EntityManagerFactory for persistence unit 'default'
2023-01-17 14:42:47.721  INFO 31402 --- [    Test worker] DeferredRepositoryInitializationListener : Spring Data repositories initialized!
2023-01-17 14:42:47.731  INFO 31402 --- [    Test worker] demo.SystemTest                          : Started SystemTest in 7.521 seconds (JVM running for 9.359)
2023-01-17 14:42:49.452  INFO 31402 --- [ null to remote] o.o.selenium.remote.ProtocolHandshake    : Detected dialect: W3C
2023-01-17 14:42:49.670  INFO 31402 --- [nio-8080-exec-1] o.a.c.c.C.[Tomcat].[localhost].[/]       : Initializing Spring DispatcherServlet 'dispatcherServlet'
2023-01-17 14:42:49.670  INFO 31402 --- [nio-8080-exec-1] o.s.web.servlet.DispatcherServlet        : Initializing Servlet 'dispatcherServlet'
2023-01-17 14:42:49.699  INFO 31402 --- [nio-8080-exec-1] o.s.web.servlet.DispatcherServlet        : Completed initialization in 29 ms
Hibernate: select person0_.id as id1_1_, person0_.cognome as cognome2_1_, person0_.email as email3_1_, person0_.nome as nome4_1_, person0_.password as password5_1_, person0_.username as username6_1_ from person person0_
Hibernate: select person0_.id as id1_1_, person0_.cognome as cognome2_1_, person0_.email as email3_1_, person0_.nome as nome4_1_, person0_.password as password5_1_, person0_.username as username6_1_ from person person0_ where person0_.username=?
2023-01-17 14:42:52.446  INFO 31402 --- [ null to remote] o.o.selenium.remote.ProtocolHandshake    : Detected dialect: W3C
Hibernate: select person0_.id as id1_1_, person0_.cognome as cognome2_1_, person0_.email as email3_1_, person0_.nome as nome4_1_, person0_.password as password5_1_, person0_.username as username6_1_ from person person0_
Hibernate: select person0_.id as id1_1_, person0_.cognome as cognome2_1_, person0_.email as email3_1_, person0_.nome as nome4_1_, person0_.password as password5_1_, person0_.username as username6_1_ from person person0_ where person0_.username=?
2023-01-17 14:42:53.989  INFO 31402 --- [ null to remote] o.o.selenium.remote.ProtocolHandshake    : Detected dialect: W3C
Hibernate: select person0_.id as id1_1_, person0_.cognome as cognome2_1_, person0_.email as email3_1_, person0_.nome as nome4_1_, person0_.password as password5_1_, person0_.username as username6_1_ from person person0_
Hibernate: select person0_.id as id1_1_, person0_.cognome as cognome2_1_, person0_.email as email3_1_, person0_.nome as nome4_1_, person0_.password as password5_1_, person0_.username as username6_1_ from person person0_ where person0_.username=?
2023-01-17 14:42:55.547  INFO 31402 --- [ null to remote] o.o.selenium.remote.ProtocolHandshake    : Detected dialect: W3C
Hibernate: select person0_.id as id1_1_, person0_.cognome as cognome2_1_, person0_.email as email3_1_, person0_.nome as nome4_1_, person0_.password as password5_1_, person0_.username as username6_1_ from person person0_
2023-01-17 14:42:57.145  INFO 31402 --- [ null to remote] o.o.selenium.remote.ProtocolHandshake    : Detected dialect: W3C
Hibernate: select person0_.id as id1_1_, person0_.cognome as cognome2_1_, person0_.email as email3_1_, person0_.nome as nome4_1_, person0_.password as password5_1_, person0_.username as username6_1_ from person person0_
Hibernate: select person0_.id as id1_1_, person0_.cognome as cognome2_1_, person0_.email as email3_1_, person0_.nome as nome4_1_, person0_.password as password5_1_, person0_.username as username6_1_ from person person0_ where person0_.username=?
2023-01-17 14:42:58.689  INFO 31402 --- [ null to remote] o.o.selenium.remote.ProtocolHandshake    : Detected dialect: W3C
Hibernate: select person0_.id as id1_1_, person0_.cognome as cognome2_1_, person0_.email as email3_1_, person0_.nome as nome4_1_, person0_.password as password5_1_, person0_.username as username6_1_ from person person0_
Hibernate: select person0_.id as id1_1_, person0_.cognome as cognome2_1_, person0_.email as email3_1_, person0_.nome as nome4_1_, person0_.password as password5_1_, person0_.username as username6_1_ from person person0_ where person0_.username=?
Hibernate: call next value for hibernate_sequence
Hibernate: insert into person (cognome, email, nome, password, username, id) values (?, ?, ?, ?, ?, ?)
2023-01-17 14:43:00.348  INFO 31402 --- [ null to remote] o.o.selenium.remote.ProtocolHandshake    : Detected dialect: W3C
Hibernate: select person0_.id as id1_1_, person0_.cognome as cognome2_1_, person0_.email as email3_1_, person0_.nome as nome4_1_, person0_.password as password5_1_, person0_.username as username6_1_ from person person0_
Hibernate: select person0_.id as id1_1_, person0_.cognome as cognome2_1_, person0_.email as email3_1_, person0_.nome as nome4_1_, person0_.password as password5_1_, person0_.username as username6_1_ from person person0_ where person0_.username=?
2023-01-17 14:43:01.900  INFO 31402 --- [ null to remote] o.o.selenium.remote.ProtocolHandshake    : Detected dialect: W3C
Hibernate: select person0_.id as id1_1_, person0_.cognome as cognome2_1_, person0_.email as email3_1_, person0_.nome as nome4_1_, person0_.password as password5_1_, person0_.username as username6_1_ from person person0_
Hibernate: select person0_.id as id1_1_, person0_.cognome as cognome2_1_, person0_.email as email3_1_, person0_.nome as nome4_1_, person0_.password as password5_1_, person0_.username as username6_1_ from person person0_ where person0_.username=?
Hibernate: call next value for hibernate_sequence
Hibernate: insert into person (cognome, email, nome, password, username, id) values (?, ?, ?, ?, ?, ?)
2023-01-17 14:43:03.574  INFO 31402 --- [ null to remote] o.o.selenium.remote.ProtocolHandshake    : Detected dialect: W3C
Hibernate: select person0_.id as id1_1_, person0_.cognome as cognome2_1_, person0_.email as email3_1_, person0_.nome as nome4_1_, person0_.password as password5_1_, person0_.username as username6_1_ from person person0_
Hibernate: select person0_.id as id1_1_, person0_.cognome as cognome2_1_, person0_.email as email3_1_, person0_.nome as nome4_1_, person0_.password as password5_1_, person0_.username as username6_1_ from person person0_ where person0_.username=?
2023-01-17 14:43:04.825  INFO 31402 --- [ null to remote] o.o.selenium.remote.ProtocolHandshake    : Detected dialect: W3C
Hibernate: select person0_.id as id1_1_, person0_.cognome as cognome2_1_, person0_.email as email3_1_, person0_.nome as nome4_1_, person0_.password as password5_1_, person0_.username as username6_1_ from person person0_
Hibernate: select person0_.id as id1_1_, person0_.cognome as cognome2_1_, person0_.email as email3_1_, person0_.nome as nome4_1_, person0_.password as password5_1_, person0_.username as username6_1_ from person person0_ where person0_.username=?
2023-01-17 14:43:06.067  INFO 31402 --- [ null to remote] o.o.selenium.remote.ProtocolHandshake    : Detected dialect: W3C
Hibernate: select person0_.id as id1_1_, person0_.cognome as cognome2_1_, person0_.email as email3_1_, person0_.nome as nome4_1_, person0_.password as password5_1_, person0_.username as username6_1_ from person person0_
Hibernate: select person0_.id as id1_1_, person0_.cognome as cognome2_1_, person0_.email as email3_1_, person0_.nome as nome4_1_, person0_.password as password5_1_, person0_.username as username6_1_ from person person0_ where person0_.username=?
2023-01-17 14:43:07.226  INFO 31402 --- [ null to remote] o.o.selenium.remote.ProtocolHandshake    : Detected dialect: W3C
Hibernate: select person0_.id as id1_1_, person0_.cognome as cognome2_1_, person0_.email as email3_1_, person0_.nome as nome4_1_, person0_.password as password5_1_, person0_.username as username6_1_ from person person0_
Hibernate: select person0_.id as id1_1_, person0_.cognome as cognome2_1_, person0_.email as email3_1_, person0_.nome as nome4_1_, person0_.password as password5_1_, person0_.username as username6_1_ from person person0_ where person0_.username=?
2023-01-17 14:43:08.445  INFO 31402 --- [ null to remote] o.o.selenium.remote.ProtocolHandshake    : Detected dialect: W3C
Hibernate: select person0_.id as id1_1_, person0_.cognome as cognome2_1_, person0_.email as email3_1_, person0_.nome as nome4_1_, person0_.password as password5_1_, person0_.username as username6_1_ from person person0_
Hibernate: select person0_.id as id1_1_, person0_.cognome as cognome2_1_, person0_.email as email3_1_, person0_.nome as nome4_1_, person0_.password as password5_1_, person0_.username as username6_1_ from person person0_ where person0_.username=?
Hibernate: select person0_.id as id1_1_0_, person0_.cognome as cognome2_1_0_, person0_.email as email3_1_0_, person0_.nome as nome4_1_0_, person0_.password as password5_1_0_, person0_.username as username6_1_0_ from person person0_ where person0_.id=?
2023-01-17 14:43:09.785  INFO 31402 --- [ null to remote] o.o.selenium.remote.ProtocolHandshake    : Detected dialect: W3C
Hibernate: select person0_.id as id1_1_, person0_.cognome as cognome2_1_, person0_.email as email3_1_, person0_.nome as nome4_1_, person0_.password as password5_1_, person0_.username as username6_1_ from person person0_
Hibernate: select person0_.id as id1_1_, person0_.cognome as cognome2_1_, person0_.email as email3_1_, person0_.nome as nome4_1_, person0_.password as password5_1_, person0_.username as username6_1_ from person person0_ where person0_.username=?
Hibernate: select person0_.id as id1_1_0_, person0_.cognome as cognome2_1_0_, person0_.email as email3_1_0_, person0_.nome as nome4_1_0_, person0_.password as password5_1_0_, person0_.username as username6_1_0_ from person person0_ where person0_.id=?
Hibernate: select misurazion0_.id as id1_0_, misurazion0_.commento as commento2_0_, misurazion0_.glicemia as glicemia3_0_, misurazion0_.id_utente as id_utent4_0_, misurazion0_.insulina as insulina5_0_, misurazion0_.time as time6_0_ from misurazione misurazion0_ where misurazion0_.id_utente=?
2023-01-17 14:43:11.087  INFO 31402 --- [ null to remote] o.o.selenium.remote.ProtocolHandshake    : Detected dialect: W3C
Hibernate: select person0_.id as id1_1_, person0_.cognome as cognome2_1_, person0_.email as email3_1_, person0_.nome as nome4_1_, person0_.password as password5_1_, person0_.username as username6_1_ from person person0_
Hibernate: select person0_.id as id1_1_, person0_.cognome as cognome2_1_, person0_.email as email3_1_, person0_.nome as nome4_1_, person0_.password as password5_1_, person0_.username as username6_1_ from person person0_ where person0_.username=?
Hibernate: select person0_.id as id1_1_0_, person0_.cognome as cognome2_1_0_, person0_.email as email3_1_0_, person0_.nome as nome4_1_0_, person0_.password as password5_1_0_, person0_.username as username6_1_0_ from person person0_ where person0_.id=?
Hibernate: select misurazion0_.id as id1_0_, misurazion0_.commento as commento2_0_, misurazion0_.glicemia as glicemia3_0_, misurazion0_.id_utente as id_utent4_0_, misurazion0_.insulina as insulina5_0_, misurazion0_.time as time6_0_ from misurazione misurazion0_ where misurazion0_.id_utente=?
2023-01-17 14:43:12.336  INFO 31402 --- [ null to remote] o.o.selenium.remote.ProtocolHandshake    : Detected dialect: W3C
Hibernate: select person0_.id as id1_1_, person0_.cognome as cognome2_1_, person0_.email as email3_1_, person0_.nome as nome4_1_, person0_.password as password5_1_, person0_.username as username6_1_ from person person0_
Hibernate: select person0_.id as id1_1_, person0_.cognome as cognome2_1_, person0_.email as email3_1_, person0_.nome as nome4_1_, person0_.password as password5_1_, person0_.username as username6_1_ from person person0_ where person0_.username=?
Hibernate: select person0_.id as id1_1_0_, person0_.cognome as cognome2_1_0_, person0_.email as email3_1_0_, person0_.nome as nome4_1_0_, person0_.password as password5_1_0_, person0_.username as username6_1_0_ from person person0_ where person0_.id=?
Hibernate: select person0_.id as id1_1_0_, person0_.cognome as cognome2_1_0_, person0_.email as email3_1_0_, person0_.nome as nome4_1_0_, person0_.password as password5_1_0_, person0_.username as username6_1_0_ from person person0_ where person0_.id=?
Hibernate: select person0_.id as id1_1_0_, person0_.cognome as cognome2_1_0_, person0_.email as email3_1_0_, person0_.nome as nome4_1_0_, person0_.password as password5_1_0_, person0_.username as username6_1_0_ from person person0_ where person0_.id=?
Hibernate: select person0_.id as id1_1_, person0_.cognome as cognome2_1_, person0_.email as email3_1_, person0_.nome as nome4_1_, person0_.password as password5_1_, person0_.username as username6_1_ from person person0_ where person0_.username=?
2023-01-17 14:43:13.844  INFO 31402 --- [ null to remote] o.o.selenium.remote.ProtocolHandshake    : Detected dialect: W3C
Hibernate: select person0_.id as id1_1_, person0_.cognome as cognome2_1_, person0_.email as email3_1_, person0_.nome as nome4_1_, person0_.password as password5_1_, person0_.username as username6_1_ from person person0_
Hibernate: select person0_.id as id1_1_, person0_.cognome as cognome2_1_, person0_.email as email3_1_, person0_.nome as nome4_1_, person0_.password as password5_1_, person0_.username as username6_1_ from person person0_ where person0_.username=?
Hibernate: select person0_.id as id1_1_0_, person0_.cognome as cognome2_1_0_, person0_.email as email3_1_0_, person0_.nome as nome4_1_0_, person0_.password as password5_1_0_, person0_.username as username6_1_0_ from person person0_ where person0_.id=?
Hibernate: select person0_.id as id1_1_0_, person0_.cognome as cognome2_1_0_, person0_.email as email3_1_0_, person0_.nome as nome4_1_0_, person0_.password as password5_1_0_, person0_.username as username6_1_0_ from person person0_ where person0_.id=?
Hibernate: select person0_.id as id1_1_0_, person0_.cognome as cognome2_1_0_, person0_.email as email3_1_0_, person0_.nome as nome4_1_0_, person0_.password as password5_1_0_, person0_.username as username6_1_0_ from person person0_ where person0_.id=?
Hibernate: select person0_.id as id1_1_, person0_.cognome as cognome2_1_, person0_.email as email3_1_, person0_.nome as nome4_1_, person0_.password as password5_1_, person0_.username as username6_1_ from person person0_ where person0_.username=?
2023-01-17 14:43:15.397  INFO 31402 --- [ null to remote] o.o.selenium.remote.ProtocolHandshake    : Detected dialect: W3C
Hibernate: select person0_.id as id1_1_, person0_.cognome as cognome2_1_, person0_.email as email3_1_, person0_.nome as nome4_1_, person0_.password as password5_1_, person0_.username as username6_1_ from person person0_
Hibernate: select person0_.id as id1_1_, person0_.cognome as cognome2_1_, person0_.email as email3_1_, person0_.nome as nome4_1_, person0_.password as password5_1_, person0_.username as username6_1_ from person person0_ where person0_.username=?
Hibernate: select person0_.id as id1_1_0_, person0_.cognome as cognome2_1_0_, person0_.email as email3_1_0_, person0_.nome as nome4_1_0_, person0_.password as password5_1_0_, person0_.username as username6_1_0_ from person person0_ where person0_.id=?
Hibernate: select person0_.id as id1_1_0_, person0_.cognome as cognome2_1_0_, person0_.email as email3_1_0_, person0_.nome as nome4_1_0_, person0_.password as password5_1_0_, person0_.username as username6_1_0_ from person person0_ where person0_.id=?
Hibernate: select person0_.id as id1_1_0_, person0_.cognome as cognome2_1_0_, person0_.email as email3_1_0_, person0_.nome as nome4_1_0_, person0_.password as password5_1_0_, person0_.username as username6_1_0_ from person person0_ where person0_.id=?
Hibernate: select person0_.id as id1_1_, person0_.cognome as cognome2_1_, person0_.email as email3_1_, person0_.nome as nome4_1_, person0_.password as password5_1_, person0_.username as username6_1_ from person person0_ where person0_.username=?
2023-01-17 14:43:17.045  INFO 31402 --- [ null to remote] o.o.selenium.remote.ProtocolHandshake    : Detected dialect: W3C
Hibernate: select person0_.id as id1_1_, person0_.cognome as cognome2_1_, person0_.email as email3_1_, person0_.nome as nome4_1_, person0_.password as password5_1_, person0_.username as username6_1_ from person person0_
Hibernate: select person0_.id as id1_1_, person0_.cognome as cognome2_1_, person0_.email as email3_1_, person0_.nome as nome4_1_, person0_.password as password5_1_, person0_.username as username6_1_ from person person0_ where person0_.username=?
Hibernate: select person0_.id as id1_1_0_, person0_.cognome as cognome2_1_0_, person0_.email as email3_1_0_, person0_.nome as nome4_1_0_, person0_.password as password5_1_0_, person0_.username as username6_1_0_ from person person0_ where person0_.id=?
Hibernate: select person0_.id as id1_1_0_, person0_.cognome as cognome2_1_0_, person0_.email as email3_1_0_, person0_.nome as nome4_1_0_, person0_.password as password5_1_0_, person0_.username as username6_1_0_ from person person0_ where person0_.id=?
Hibernate: select person0_.id as id1_1_0_, person0_.cognome as cognome2_1_0_, person0_.email as email3_1_0_, person0_.nome as nome4_1_0_, person0_.password as password5_1_0_, person0_.username as username6_1_0_ from person person0_ where person0_.id=?
2023-01-17 14:43:18.505  INFO 31402 --- [ null to remote] o.o.selenium.remote.ProtocolHandshake    : Detected dialect: W3C
Hibernate: select person0_.id as id1_1_, person0_.cognome as cognome2_1_, person0_.email as email3_1_, person0_.nome as nome4_1_, person0_.password as password5_1_, person0_.username as username6_1_ from person person0_
Hibernate: select person0_.id as id1_1_, person0_.cognome as cognome2_1_, person0_.email as email3_1_, person0_.nome as nome4_1_, person0_.password as password5_1_, person0_.username as username6_1_ from person person0_ where person0_.username=?
Hibernate: select person0_.id as id1_1_0_, person0_.cognome as cognome2_1_0_, person0_.email as email3_1_0_, person0_.nome as nome4_1_0_, person0_.password as password5_1_0_, person0_.username as username6_1_0_ from person person0_ where person0_.id=?
Hibernate: select person0_.id as id1_1_0_, person0_.cognome as cognome2_1_0_, person0_.email as email3_1_0_, person0_.nome as nome4_1_0_, person0_.password as password5_1_0_, person0_.username as username6_1_0_ from person person0_ where person0_.id=?
Hibernate: select person0_.id as id1_1_0_, person0_.cognome as cognome2_1_0_, person0_.email as email3_1_0_, person0_.nome as nome4_1_0_, person0_.password as password5_1_0_, person0_.username as username6_1_0_ from person person0_ where person0_.id=?
Hibernate: select person0_.id as id1_1_, person0_.cognome as cognome2_1_, person0_.email as email3_1_, person0_.nome as nome4_1_, person0_.password as password5_1_, person0_.username as username6_1_ from person person0_ where person0_.username=?
2023-01-17 14:43:20.009  INFO 31402 --- [ null to remote] o.o.selenium.remote.ProtocolHandshake    : Detected dialect: W3C
Hibernate: select person0_.id as id1_1_, person0_.cognome as cognome2_1_, person0_.email as email3_1_, person0_.nome as nome4_1_, person0_.password as password5_1_, person0_.username as username6_1_ from person person0_
Hibernate: select person0_.id as id1_1_, person0_.cognome as cognome2_1_, person0_.email as email3_1_, person0_.nome as nome4_1_, person0_.password as password5_1_, person0_.username as username6_1_ from person person0_ where person0_.username=?
Hibernate: select person0_.id as id1_1_0_, person0_.cognome as cognome2_1_0_, person0_.email as email3_1_0_, person0_.nome as nome4_1_0_, person0_.password as password5_1_0_, person0_.username as username6_1_0_ from person person0_ where person0_.id=?
Hibernate: select person0_.id as id1_1_0_, person0_.cognome as cognome2_1_0_, person0_.email as email3_1_0_, person0_.nome as nome4_1_0_, person0_.password as password5_1_0_, person0_.username as username6_1_0_ from person person0_ where person0_.id=?
Hibernate: select person0_.id as id1_1_0_, person0_.cognome as cognome2_1_0_, person0_.email as email3_1_0_, person0_.nome as nome4_1_0_, person0_.password as password5_1_0_, person0_.username as username6_1_0_ from person person0_ where person0_.id=?
Hibernate: select person0_.id as id1_1_, person0_.cognome as cognome2_1_, person0_.email as email3_1_, person0_.nome as nome4_1_, person0_.password as password5_1_, person0_.username as username6_1_ from person person0_ where person0_.username=?
2023-01-17 14:43:21.476  INFO 31402 --- [ null to remote] o.o.selenium.remote.ProtocolHandshake    : Detected dialect: W3C
Hibernate: select person0_.id as id1_1_, person0_.cognome as cognome2_1_, person0_.email as email3_1_, person0_.nome as nome4_1_, person0_.password as password5_1_, person0_.username as username6_1_ from person person0_
Hibernate: select person0_.id as id1_1_, person0_.cognome as cognome2_1_, person0_.email as email3_1_, person0_.nome as nome4_1_, person0_.password as password5_1_, person0_.username as username6_1_ from person person0_ where person0_.username=?
Hibernate: select person0_.id as id1_1_0_, person0_.cognome as cognome2_1_0_, person0_.email as email3_1_0_, person0_.nome as nome4_1_0_, person0_.password as password5_1_0_, person0_.username as username6_1_0_ from person person0_ where person0_.id=?
Hibernate: select person0_.id as id1_1_0_, person0_.cognome as cognome2_1_0_, person0_.email as email3_1_0_, person0_.nome as nome4_1_0_, person0_.password as password5_1_0_, person0_.username as username6_1_0_ from person person0_ where person0_.id=?
Hibernate: select person0_.id as id1_1_0_, person0_.cognome as cognome2_1_0_, person0_.email as email3_1_0_, person0_.nome as nome4_1_0_, person0_.password as password5_1_0_, person0_.username as username6_1_0_ from person person0_ where person0_.id=?
Hibernate: select person0_.id as id1_1_, person0_.cognome as cognome2_1_, person0_.email as email3_1_, person0_.nome as nome4_1_, person0_.password as password5_1_, person0_.username as username6_1_ from person person0_ where person0_.username=?
Hibernate: delete from person where id=?
Hibernate: call next value for hibernate_sequence
Hibernate: insert into person (cognome, email, nome, password, username, id) values (?, ?, ?, ?, ?, ?)
Hibernate: select misurazion0_.id as id1_0_, misurazion0_.commento as commento2_0_, misurazion0_.glicemia as glicemia3_0_, misurazion0_.id_utente as id_utent4_0_, misurazion0_.insulina as insulina5_0_, misurazion0_.time as time6_0_ from misurazione misurazion0_ where misurazion0_.id_utente=?
2023-01-17 14:43:23.004  INFO 31402 --- [ null to remote] o.o.selenium.remote.ProtocolHandshake    : Detected dialect: W3C
Hibernate: select person0_.id as id1_1_, person0_.cognome as cognome2_1_, person0_.email as email3_1_, person0_.nome as nome4_1_, person0_.password as password5_1_, person0_.username as username6_1_ from person person0_
Hibernate: select person0_.id as id1_1_, person0_.cognome as cognome2_1_, person0_.email as email3_1_, person0_.nome as nome4_1_, person0_.password as password5_1_, person0_.username as username6_1_ from person person0_ where person0_.username=?
Hibernate: select person0_.id as id1_1_0_, person0_.cognome as cognome2_1_0_, person0_.email as email3_1_0_, person0_.nome as nome4_1_0_, person0_.password as password5_1_0_, person0_.username as username6_1_0_ from person person0_ where person0_.id=?
Hibernate: select person0_.id as id1_1_0_, person0_.cognome as cognome2_1_0_, person0_.email as email3_1_0_, person0_.nome as nome4_1_0_, person0_.password as password5_1_0_, person0_.username as username6_1_0_ from person person0_ where person0_.id=?
Hibernate: select person0_.id as id1_1_0_, person0_.cognome as cognome2_1_0_, person0_.email as email3_1_0_, person0_.nome as nome4_1_0_, person0_.password as password5_1_0_, person0_.username as username6_1_0_ from person person0_ where person0_.id=?
Hibernate: select person0_.id as id1_1_, person0_.cognome as cognome2_1_, person0_.email as email3_1_, person0_.nome as nome4_1_, person0_.password as password5_1_, person0_.username as username6_1_ from person person0_ where person0_.username=?
Hibernate: delete from person where id=?
Hibernate: call next value for hibernate_sequence
Hibernate: insert into person (cognome, email, nome, password, username, id) values (?, ?, ?, ?, ?, ?)
Hibernate: select misurazion0_.id as id1_0_, misurazion0_.commento as commento2_0_, misurazion0_.glicemia as glicemia3_0_, misurazion0_.id_utente as id_utent4_0_, misurazion0_.insulina as insulina5_0_, misurazion0_.time as time6_0_ from misurazione misurazion0_ where misurazion0_.id_utente=?
2023-01-17 14:43:24.509  INFO 31402 --- [ null to remote] o.o.selenium.remote.ProtocolHandshake    : Detected dialect: W3C
Hibernate: select person0_.id as id1_1_, person0_.cognome as cognome2_1_, person0_.email as email3_1_, person0_.nome as nome4_1_, person0_.password as password5_1_, person0_.username as username6_1_ from person person0_
Hibernate: select person0_.id as id1_1_, person0_.cognome as cognome2_1_, person0_.email as email3_1_, person0_.nome as nome4_1_, person0_.password as password5_1_, person0_.username as username6_1_ from person person0_ where person0_.username=?
Hibernate: select person0_.id as id1_1_0_, person0_.cognome as cognome2_1_0_, person0_.email as email3_1_0_, person0_.nome as nome4_1_0_, person0_.password as password5_1_0_, person0_.username as username6_1_0_ from person person0_ where person0_.id=?
Hibernate: select person0_.id as id1_1_0_, person0_.cognome as cognome2_1_0_, person0_.email as email3_1_0_, person0_.nome as nome4_1_0_, person0_.password as password5_1_0_, person0_.username as username6_1_0_ from person person0_ where person0_.id=?
Hibernate: select person0_.id as id1_1_0_, person0_.cognome as cognome2_1_0_, person0_.email as email3_1_0_, person0_.nome as nome4_1_0_, person0_.password as password5_1_0_, person0_.username as username6_1_0_ from person person0_ where person0_.id=?
2023-01-17 14:43:25.875  INFO 31402 --- [ null to remote] o.o.selenium.remote.ProtocolHandshake    : Detected dialect: W3C
Hibernate: select person0_.id as id1_1_, person0_.cognome as cognome2_1_, person0_.email as email3_1_, person0_.nome as nome4_1_, person0_.password as password5_1_, person0_.username as username6_1_ from person person0_
Hibernate: select person0_.id as id1_1_, person0_.cognome as cognome2_1_, person0_.email as email3_1_, person0_.nome as nome4_1_, person0_.password as password5_1_, person0_.username as username6_1_ from person person0_ where person0_.username=?
Hibernate: select person0_.id as id1_1_0_, person0_.cognome as cognome2_1_0_, person0_.email as email3_1_0_, person0_.nome as nome4_1_0_, person0_.password as password5_1_0_, person0_.username as username6_1_0_ from person person0_ where person0_.id=?
Hibernate: select misurazion0_.id as id1_0_, misurazion0_.commento as commento2_0_, misurazion0_.glicemia as glicemia3_0_, misurazion0_.id_utente as id_utent4_0_, misurazion0_.insulina as insulina5_0_, misurazion0_.time as time6_0_ from misurazione misurazion0_ where misurazion0_.id_utente=?
Hibernate: select person0_.id as id1_1_0_, person0_.cognome as cognome2_1_0_, person0_.email as email3_1_0_, person0_.nome as nome4_1_0_, person0_.password as password5_1_0_, person0_.username as username6_1_0_ from person person0_ where person0_.id=?
Hibernate: select misurazion0_.id as id1_0_, misurazion0_.commento as commento2_0_, misurazion0_.glicemia as glicemia3_0_, misurazion0_.id_utente as id_utent4_0_, misurazion0_.insulina as insulina5_0_, misurazion0_.time as time6_0_ from misurazione misurazion0_ where misurazion0_.id_utente=?
2023-01-17 14:43:27.447  INFO 31402 --- [ null to remote] o.o.selenium.remote.ProtocolHandshake    : Detected dialect: W3C
Hibernate: select person0_.id as id1_1_, person0_.cognome as cognome2_1_, person0_.email as email3_1_, person0_.nome as nome4_1_, person0_.password as password5_1_, person0_.username as username6_1_ from person person0_
Hibernate: select person0_.id as id1_1_, person0_.cognome as cognome2_1_, person0_.email as email3_1_, person0_.nome as nome4_1_, person0_.password as password5_1_, person0_.username as username6_1_ from person person0_ where person0_.username=?
Hibernate: select person0_.id as id1_1_0_, person0_.cognome as cognome2_1_0_, person0_.email as email3_1_0_, person0_.nome as nome4_1_0_, person0_.password as password5_1_0_, person0_.username as username6_1_0_ from person person0_ where person0_.id=?
Hibernate: select misurazion0_.id as id1_0_, misurazion0_.commento as commento2_0_, misurazion0_.glicemia as glicemia3_0_, misurazion0_.id_utente as id_utent4_0_, misurazion0_.insulina as insulina5_0_, misurazion0_.time as time6_0_ from misurazione misurazion0_ where misurazion0_.id_utente=?
Hibernate: select person0_.id as id1_1_0_, person0_.cognome as cognome2_1_0_, person0_.email as email3_1_0_, person0_.nome as nome4_1_0_, person0_.password as password5_1_0_, person0_.username as username6_1_0_ from person person0_ where person0_.id=?
Hibernate: select misurazion0_.id as id1_0_, misurazion0_.commento as commento2_0_, misurazion0_.glicemia as glicemia3_0_, misurazion0_.id_utente as id_utent4_0_, misurazion0_.insulina as insulina5_0_, misurazion0_.time as time6_0_ from misurazione misurazion0_ where misurazion0_.id_utente=?
2023-01-17 14:43:29.044  INFO 31402 --- [ null to remote] o.o.selenium.remote.ProtocolHandshake    : Detected dialect: W3C
Hibernate: select person0_.id as id1_1_, person0_.cognome as cognome2_1_, person0_.email as email3_1_, person0_.nome as nome4_1_, person0_.password as password5_1_, person0_.username as username6_1_ from person person0_
Hibernate: select person0_.id as id1_1_, person0_.cognome as cognome2_1_, person0_.email as email3_1_, person0_.nome as nome4_1_, person0_.password as password5_1_, person0_.username as username6_1_ from person person0_ where person0_.username=?
Hibernate: select person0_.id as id1_1_0_, person0_.cognome as cognome2_1_0_, person0_.email as email3_1_0_, person0_.nome as nome4_1_0_, person0_.password as password5_1_0_, person0_.username as username6_1_0_ from person person0_ where person0_.id=?
Hibernate: select misurazion0_.id as id1_0_, misurazion0_.commento as commento2_0_, misurazion0_.glicemia as glicemia3_0_, misurazion0_.id_utente as id_utent4_0_, misurazion0_.insulina as insulina5_0_, misurazion0_.time as time6_0_ from misurazione misurazion0_ where misurazion0_.id_utente=?
Hibernate: select person0_.id as id1_1_0_, person0_.cognome as cognome2_1_0_, person0_.email as email3_1_0_, person0_.nome as nome4_1_0_, person0_.password as password5_1_0_, person0_.username as username6_1_0_ from person person0_ where person0_.id=?
Hibernate: select misurazion0_.id as id1_0_, misurazion0_.commento as commento2_0_, misurazion0_.glicemia as glicemia3_0_, misurazion0_.id_utente as id_utent4_0_, misurazion0_.insulina as insulina5_0_, misurazion0_.time as time6_0_ from misurazione misurazion0_ where misurazion0_.id_utente=?
2023-01-17 14:43:30.639  INFO 31402 --- [ null to remote] o.o.selenium.remote.ProtocolHandshake    : Detected dialect: W3C
Hibernate: select person0_.id as id1_1_, person0_.cognome as cognome2_1_, person0_.email as email3_1_, person0_.nome as nome4_1_, person0_.password as password5_1_, person0_.username as username6_1_ from person person0_
Hibernate: select person0_.id as id1_1_, person0_.cognome as cognome2_1_, person0_.email as email3_1_, person0_.nome as nome4_1_, person0_.password as password5_1_, person0_.username as username6_1_ from person person0_ where person0_.username=?
Hibernate: select person0_.id as id1_1_0_, person0_.cognome as cognome2_1_0_, person0_.email as email3_1_0_, person0_.nome as nome4_1_0_, person0_.password as password5_1_0_, person0_.username as username6_1_0_ from person person0_ where person0_.id=?
Hibernate: select misurazion0_.id as id1_0_, misurazion0_.commento as commento2_0_, misurazion0_.glicemia as glicemia3_0_, misurazion0_.id_utente as id_utent4_0_, misurazion0_.insulina as insulina5_0_, misurazion0_.time as time6_0_ from misurazione misurazion0_ where misurazion0_.id_utente=?
Hibernate: select person0_.id as id1_1_0_, person0_.cognome as cognome2_1_0_, person0_.email as email3_1_0_, person0_.nome as nome4_1_0_, person0_.password as password5_1_0_, person0_.username as username6_1_0_ from person person0_ where person0_.id=?
Hibernate: select misurazion0_.id as id1_0_, misurazion0_.commento as commento2_0_, misurazion0_.glicemia as glicemia3_0_, misurazion0_.id_utente as id_utent4_0_, misurazion0_.insulina as insulina5_0_, misurazion0_.time as time6_0_ from misurazione misurazion0_ where misurazion0_.id_utente=?
2023-01-17 14:43:32.213  INFO 31402 --- [ null to remote] o.o.selenium.remote.ProtocolHandshake    : Detected dialect: W3C
Hibernate: select person0_.id as id1_1_, person0_.cognome as cognome2_1_, person0_.email as email3_1_, person0_.nome as nome4_1_, person0_.password as password5_1_, person0_.username as username6_1_ from person person0_
Hibernate: select person0_.id as id1_1_, person0_.cognome as cognome2_1_, person0_.email as email3_1_, person0_.nome as nome4_1_, person0_.password as password5_1_, person0_.username as username6_1_ from person person0_ where person0_.username=?
Hibernate: select person0_.id as id1_1_0_, person0_.cognome as cognome2_1_0_, person0_.email as email3_1_0_, person0_.nome as nome4_1_0_, person0_.password as password5_1_0_, person0_.username as username6_1_0_ from person person0_ where person0_.id=?
Hibernate: select misurazion0_.id as id1_0_, misurazion0_.commento as commento2_0_, misurazion0_.glicemia as glicemia3_0_, misurazion0_.id_utente as id_utent4_0_, misurazion0_.insulina as insulina5_0_, misurazion0_.time as time6_0_ from misurazione misurazion0_ where misurazion0_.id_utente=?
Hibernate: select person0_.id as id1_1_0_, person0_.cognome as cognome2_1_0_, person0_.email as email3_1_0_, person0_.nome as nome4_1_0_, person0_.password as password5_1_0_, person0_.username as username6_1_0_ from person person0_ where person0_.id=?
Hibernate: select misurazion0_.id as id1_0_, misurazion0_.commento as commento2_0_, misurazion0_.glicemia as glicemia3_0_, misurazion0_.id_utente as id_utent4_0_, misurazion0_.insulina as insulina5_0_, misurazion0_.time as time6_0_ from misurazione misurazion0_ where misurazion0_.id_utente=?
2023-01-17 14:43:33.773  INFO 31402 --- [ null to remote] o.o.selenium.remote.ProtocolHandshake    : Detected dialect: W3C
Hibernate: select person0_.id as id1_1_, person0_.cognome as cognome2_1_, person0_.email as email3_1_, person0_.nome as nome4_1_, person0_.password as password5_1_, person0_.username as username6_1_ from person person0_
Hibernate: select person0_.id as id1_1_, person0_.cognome as cognome2_1_, person0_.email as email3_1_, person0_.nome as nome4_1_, person0_.password as password5_1_, person0_.username as username6_1_ from person person0_ where person0_.username=?
Hibernate: select person0_.id as id1_1_0_, person0_.cognome as cognome2_1_0_, person0_.email as email3_1_0_, person0_.nome as nome4_1_0_, person0_.password as password5_1_0_, person0_.username as username6_1_0_ from person person0_ where person0_.id=?
Hibernate: select misurazion0_.id as id1_0_, misurazion0_.commento as commento2_0_, misurazion0_.glicemia as glicemia3_0_, misurazion0_.id_utente as id_utent4_0_, misurazion0_.insulina as insulina5_0_, misurazion0_.time as time6_0_ from misurazione misurazion0_ where misurazion0_.id_utente=?
Hibernate: select person0_.id as id1_1_0_, person0_.cognome as cognome2_1_0_, person0_.email as email3_1_0_, person0_.nome as nome4_1_0_, person0_.password as password5_1_0_, person0_.username as username6_1_0_ from person person0_ where person0_.id=?
Hibernate: select misurazion0_.id as id1_0_, misurazion0_.commento as commento2_0_, misurazion0_.glicemia as glicemia3_0_, misurazion0_.id_utente as id_utent4_0_, misurazion0_.insulina as insulina5_0_, misurazion0_.time as time6_0_ from misurazione misurazion0_ where misurazion0_.id_utente=?
2023-01-17 14:43:35.309  INFO 31402 --- [ null to remote] o.o.selenium.remote.ProtocolHandshake    : Detected dialect: W3C
Hibernate: select person0_.id as id1_1_, person0_.cognome as cognome2_1_, person0_.email as email3_1_, person0_.nome as nome4_1_, person0_.password as password5_1_, person0_.username as username6_1_ from person person0_
Hibernate: select person0_.id as id1_1_, person0_.cognome as cognome2_1_, person0_.email as email3_1_, person0_.nome as nome4_1_, person0_.password as password5_1_, person0_.username as username6_1_ from person person0_ where person0_.username=?
Hibernate: select person0_.id as id1_1_0_, person0_.cognome as cognome2_1_0_, person0_.email as email3_1_0_, person0_.nome as nome4_1_0_, person0_.password as password5_1_0_, person0_.username as username6_1_0_ from person person0_ where person0_.id=?
Hibernate: select misurazion0_.id as id1_0_, misurazion0_.commento as commento2_0_, misurazion0_.glicemia as glicemia3_0_, misurazion0_.id_utente as id_utent4_0_, misurazion0_.insulina as insulina5_0_, misurazion0_.time as time6_0_ from misurazione misurazion0_ where misurazion0_.id_utente=?
Hibernate: select person0_.id as id1_1_0_, person0_.cognome as cognome2_1_0_, person0_.email as email3_1_0_, person0_.nome as nome4_1_0_, person0_.password as password5_1_0_, person0_.username as username6_1_0_ from person person0_ where person0_.id=?
Hibernate: select misurazion0_.id as id1_0_, misurazion0_.commento as commento2_0_, misurazion0_.glicemia as glicemia3_0_, misurazion0_.id_utente as id_utent4_0_, misurazion0_.insulina as insulina5_0_, misurazion0_.time as time6_0_ from misurazione misurazion0_ where misurazion0_.id_utente=?
2023-01-17 14:43:36.887  INFO 31402 --- [ null to remote] o.o.selenium.remote.ProtocolHandshake    : Detected dialect: W3C
Hibernate: select person0_.id as id1_1_, person0_.cognome as cognome2_1_, person0_.email as email3_1_, person0_.nome as nome4_1_, person0_.password as password5_1_, person0_.username as username6_1_ from person person0_
Hibernate: select person0_.id as id1_1_, person0_.cognome as cognome2_1_, person0_.email as email3_1_, person0_.nome as nome4_1_, person0_.password as password5_1_, person0_.username as username6_1_ from person person0_ where person0_.username=?
Hibernate: select person0_.id as id1_1_0_, person0_.cognome as cognome2_1_0_, person0_.email as email3_1_0_, person0_.nome as nome4_1_0_, person0_.password as password5_1_0_, person0_.username as username6_1_0_ from person person0_ where person0_.id=?
Hibernate: select misurazion0_.id as id1_0_, misurazion0_.commento as commento2_0_, misurazion0_.glicemia as glicemia3_0_, misurazion0_.id_utente as id_utent4_0_, misurazion0_.insulina as insulina5_0_, misurazion0_.time as time6_0_ from misurazione misurazion0_ where misurazion0_.id_utente=?
Hibernate: select person0_.id as id1_1_0_, person0_.cognome as cognome2_1_0_, person0_.email as email3_1_0_, person0_.nome as nome4_1_0_, person0_.password as password5_1_0_, person0_.username as username6_1_0_ from person person0_ where person0_.id=?
Hibernate: call next value for hibernate_sequence
Hibernate: insert into misurazione (commento, glicemia, id_utente, insulina, time, id) values (?, ?, ?, ?, ?, ?)
Hibernate: select misurazion0_.id as id1_0_, misurazion0_.commento as commento2_0_, misurazion0_.glicemia as glicemia3_0_, misurazion0_.id_utente as id_utent4_0_, misurazion0_.insulina as insulina5_0_, misurazion0_.time as time6_0_ from misurazione misurazion0_ where misurazion0_.id_utente=?
2023-01-17 14:43:38.453  INFO 31402 --- [ null to remote] o.o.selenium.remote.ProtocolHandshake    : Detected dialect: W3C
Hibernate: select person0_.id as id1_1_, person0_.cognome as cognome2_1_, person0_.email as email3_1_, person0_.nome as nome4_1_, person0_.password as password5_1_, person0_.username as username6_1_ from person person0_
Hibernate: select person0_.id as id1_1_, person0_.cognome as cognome2_1_, person0_.email as email3_1_, person0_.nome as nome4_1_, person0_.password as password5_1_, person0_.username as username6_1_ from person person0_ where person0_.username=?
Hibernate: select person0_.id as id1_1_0_, person0_.cognome as cognome2_1_0_, person0_.email as email3_1_0_, person0_.nome as nome4_1_0_, person0_.password as password5_1_0_, person0_.username as username6_1_0_ from person person0_ where person0_.id=?
Hibernate: select misurazion0_.id as id1_0_, misurazion0_.commento as commento2_0_, misurazion0_.glicemia as glicemia3_0_, misurazion0_.id_utente as id_utent4_0_, misurazion0_.insulina as insulina5_0_, misurazion0_.time as time6_0_ from misurazione misurazion0_ where misurazion0_.id_utente=?
Hibernate: select person0_.id as id1_1_0_, person0_.cognome as cognome2_1_0_, person0_.email as email3_1_0_, person0_.nome as nome4_1_0_, person0_.password as password5_1_0_, person0_.username as username6_1_0_ from person person0_ where person0_.id=?
2023-01-17 14:43:39.761  INFO 31402 --- [ null to remote] o.o.selenium.remote.ProtocolHandshake    : Detected dialect: W3C
Hibernate: select person0_.id as id1_1_, person0_.cognome as cognome2_1_, person0_.email as email3_1_, person0_.nome as nome4_1_, person0_.password as password5_1_, person0_.username as username6_1_ from person person0_
Hibernate: select person0_.id as id1_1_, person0_.cognome as cognome2_1_, person0_.email as email3_1_, person0_.nome as nome4_1_, person0_.password as password5_1_, person0_.username as username6_1_ from person person0_ where person0_.username=?
Hibernate: select person0_.id as id1_1_0_, person0_.cognome as cognome2_1_0_, person0_.email as email3_1_0_, person0_.nome as nome4_1_0_, person0_.password as password5_1_0_, person0_.username as username6_1_0_ from person person0_ where person0_.id=?
Hibernate: select misurazion0_.id as id1_0_, misurazion0_.commento as commento2_0_, misurazion0_.glicemia as glicemia3_0_, misurazion0_.id_utente as id_utent4_0_, misurazion0_.insulina as insulina5_0_, misurazion0_.time as time6_0_ from misurazione misurazion0_ where misurazion0_.id_utente=?
Hibernate: select person0_.id as id1_1_0_, person0_.cognome as cognome2_1_0_, person0_.email as email3_1_0_, person0_.nome as nome4_1_0_, person0_.password as password5_1_0_, person0_.username as username6_1_0_ from person person0_ where person0_.id=?
Hibernate: select misurazion0_.id as id1_0_0_, misurazion0_.commento as commento2_0_0_, misurazion0_.glicemia as glicemia3_0_0_, misurazion0_.id_utente as id_utent4_0_0_, misurazion0_.insulina as insulina5_0_0_, misurazion0_.time as time6_0_0_ from misurazione misurazion0_ where misurazion0_.id=?
Hibernate: delete from misurazione where id=?
Hibernate: select misurazion0_.id as id1_0_, misurazion0_.commento as commento2_0_, misurazion0_.glicemia as glicemia3_0_, misurazion0_.id_utente as id_utent4_0_, misurazion0_.insulina as insulina5_0_, misurazion0_.time as time6_0_ from misurazione misurazion0_ where misurazion0_.id_utente=?
2023-01-17 14:43:41.184  INFO 31402 --- [ null to remote] o.o.selenium.remote.ProtocolHandshake    : Detected dialect: W3C
Hibernate: select person0_.id as id1_1_, person0_.cognome as cognome2_1_, person0_.email as email3_1_, person0_.nome as nome4_1_, person0_.password as password5_1_, person0_.username as username6_1_ from person person0_
Hibernate: select person0_.id as id1_1_, person0_.cognome as cognome2_1_, person0_.email as email3_1_, person0_.nome as nome4_1_, person0_.password as password5_1_, person0_.username as username6_1_ from person person0_ where person0_.username=?
Hibernate: select person0_.id as id1_1_0_, person0_.cognome as cognome2_1_0_, person0_.email as email3_1_0_, person0_.nome as nome4_1_0_, person0_.password as password5_1_0_, person0_.username as username6_1_0_ from person person0_ where person0_.id=?
Hibernate: select misurazion0_.id as id1_0_, misurazion0_.commento as commento2_0_, misurazion0_.glicemia as glicemia3_0_, misurazion0_.id_utente as id_utent4_0_, misurazion0_.insulina as insulina5_0_, misurazion0_.time as time6_0_ from misurazione misurazion0_ where misurazion0_.id_utente=?
Hibernate: select person0_.id as id1_1_0_, person0_.cognome as cognome2_1_0_, person0_.email as email3_1_0_, person0_.nome as nome4_1_0_, person0_.password as password5_1_0_, person0_.username as username6_1_0_ from person person0_ where person0_.id=?
Hibernate: call next value for hibernate_sequence
Hibernate: insert into misurazione (commento, glicemia, id_utente, insulina, time, id) values (?, ?, ?, ?, ?, ?)
Hibernate: select misurazion0_.id as id1_0_, misurazion0_.commento as commento2_0_, misurazion0_.glicemia as glicemia3_0_, misurazion0_.id_utente as id_utent4_0_, misurazion0_.insulina as insulina5_0_, misurazion0_.time as time6_0_ from misurazione misurazion0_ where misurazion0_.id_utente=?
Hibernate: select person0_.id as id1_1_, person0_.cognome as cognome2_1_, person0_.email as email3_1_, person0_.nome as nome4_1_, person0_.password as password5_1_, person0_.username as username6_1_ from person person0_
Hibernate: select person0_.id as id1_1_, person0_.cognome as cognome2_1_, person0_.email as email3_1_, person0_.nome as nome4_1_, person0_.password as password5_1_, person0_.username as username6_1_ from person person0_ where person0_.username=?
Hibernate: select person0_.id as id1_1_0_, person0_.cognome as cognome2_1_0_, person0_.email as email3_1_0_, person0_.nome as nome4_1_0_, person0_.password as password5_1_0_, person0_.username as username6_1_0_ from person person0_ where person0_.id=?
Hibernate: select misurazion0_.id as id1_0_, misurazion0_.commento as commento2_0_, misurazion0_.glicemia as glicemia3_0_, misurazion0_.id_utente as id_utent4_0_, misurazion0_.insulina as insulina5_0_, misurazion0_.time as time6_0_ from misurazione misurazion0_ where misurazion0_.id_utente=?
Hibernate: select person0_.id as id1_1_0_, person0_.cognome as cognome2_1_0_, person0_.email as email3_1_0_, person0_.nome as nome4_1_0_, person0_.password as password5_1_0_, person0_.username as username6_1_0_ from person person0_ where person0_.id=?
Hibernate: select misurazion0_.id as id1_0_, misurazion0_.commento as commento2_0_, misurazion0_.glicemia as glicemia3_0_, misurazion0_.id_utente as id_utent4_0_, misurazion0_.insulina as insulina5_0_, misurazion0_.time as time6_0_ from misurazione misurazion0_ where misurazion0_.id_utente=?
Hibernate: delete from misurazione where id=?
2023-01-17 14:43:43.198  INFO 31402 --- [ null to remote] o.o.selenium.remote.ProtocolHandshake    : Detected dialect: W3C
Hibernate: select person0_.id as id1_1_, person0_.cognome as cognome2_1_, person0_.email as email3_1_, person0_.nome as nome4_1_, person0_.password as password5_1_, person0_.username as username6_1_ from person person0_
Hibernate: select person0_.id as id1_1_, person0_.cognome as cognome2_1_, person0_.email as email3_1_, person0_.nome as nome4_1_, person0_.password as password5_1_, person0_.username as username6_1_ from person person0_ where person0_.username=?
Hibernate: select person0_.id as id1_1_0_, person0_.cognome as cognome2_1_0_, person0_.email as email3_1_0_, person0_.nome as nome4_1_0_, person0_.password as password5_1_0_, person0_.username as username6_1_0_ from person person0_ where person0_.id=?
Hibernate: select misurazion0_.id as id1_0_, misurazion0_.commento as commento2_0_, misurazion0_.glicemia as glicemia3_0_, misurazion0_.id_utente as id_utent4_0_, misurazion0_.insulina as insulina5_0_, misurazion0_.time as time6_0_ from misurazione misurazion0_ where misurazion0_.id_utente=?
Hibernate: select person0_.id as id1_1_0_, person0_.cognome as cognome2_1_0_, person0_.email as email3_1_0_, person0_.nome as nome4_1_0_, person0_.password as password5_1_0_, person0_.username as username6_1_0_ from person person0_ where person0_.id=?
Hibernate: call next value for hibernate_sequence
Hibernate: insert into misurazione (commento, glicemia, id_utente, insulina, time, id) values (?, ?, ?, ?, ?, ?)
Hibernate: select misurazion0_.id as id1_0_, misurazion0_.commento as commento2_0_, misurazion0_.glicemia as glicemia3_0_, misurazion0_.id_utente as id_utent4_0_, misurazion0_.insulina as insulina5_0_, misurazion0_.time as time6_0_ from misurazione misurazion0_ where misurazion0_.id_utente=?
Hibernate: select person0_.id as id1_1_, person0_.cognome as cognome2_1_, person0_.email as email3_1_, person0_.nome as nome4_1_, person0_.password as password5_1_, person0_.username as username6_1_ from person person0_
Hibernate: select person0_.id as id1_1_, person0_.cognome as cognome2_1_, person0_.email as email3_1_, person0_.nome as nome4_1_, person0_.password as password5_1_, person0_.username as username6_1_ from person person0_ where person0_.username=?
Hibernate: select person0_.id as id1_1_0_, person0_.cognome as cognome2_1_0_, person0_.email as email3_1_0_, person0_.nome as nome4_1_0_, person0_.password as password5_1_0_, person0_.username as username6_1_0_ from person person0_ where person0_.id=?
Hibernate: select misurazion0_.id as id1_0_, misurazion0_.commento as commento2_0_, misurazion0_.glicemia as glicemia3_0_, misurazion0_.id_utente as id_utent4_0_, misurazion0_.insulina as insulina5_0_, misurazion0_.time as time6_0_ from misurazione misurazion0_ where misurazion0_.id_utente=?
Hibernate: select person0_.id as id1_1_0_, person0_.cognome as cognome2_1_0_, person0_.email as email3_1_0_, person0_.nome as nome4_1_0_, person0_.password as password5_1_0_, person0_.username as username6_1_0_ from person person0_ where person0_.id=?
2023-01-17 14:43:45.177  INFO 31402 --- [ null to remote] o.o.selenium.remote.ProtocolHandshake    : Detected dialect: W3C
Hibernate: select person0_.id as id1_1_, person0_.cognome as cognome2_1_, person0_.email as email3_1_, person0_.nome as nome4_1_, person0_.password as password5_1_, person0_.username as username6_1_ from person person0_
Hibernate: select person0_.id as id1_1_, person0_.cognome as cognome2_1_, person0_.email as email3_1_, person0_.nome as nome4_1_, person0_.password as password5_1_, person0_.username as username6_1_ from person person0_ where person0_.username=?
2023-01-17 14:43:46.405  INFO 31402 --- [ null to remote] o.o.selenium.remote.ProtocolHandshake    : Detected dialect: W3C
Hibernate: select person0_.id as id1_1_, person0_.cognome as cognome2_1_, person0_.email as email3_1_, person0_.nome as nome4_1_, person0_.password as password5_1_, person0_.username as username6_1_ from person person0_
Hibernate: select person0_.id as id1_1_, person0_.cognome as cognome2_1_, person0_.email as email3_1_, person0_.nome as nome4_1_, person0_.password as password5_1_, person0_.username as username6_1_ from person person0_ where person0_.username=?
Hibernate: select person0_.id as id1_1_0_, person0_.cognome as cognome2_1_0_, person0_.email as email3_1_0_, person0_.nome as nome4_1_0_, person0_.password as password5_1_0_, person0_.username as username6_1_0_ from person person0_ where person0_.id=?
Hibernate: select person0_.id as id1_1_0_, person0_.cognome as cognome2_1_0_, person0_.email as email3_1_0_, person0_.nome as nome4_1_0_, person0_.password as password5_1_0_, person0_.username as username6_1_0_ from person person0_ where person0_.id=?
Hibernate: delete from person where id=?
Hibernate: select person0_.id as id1_1_, person0_.cognome as cognome2_1_, person0_.email as email3_1_, person0_.nome as nome4_1_, person0_.password as password5_1_, person0_.username as username6_1_ from person person0_ where person0_.username=?
2023-01-17 14:43:47.851  INFO 31402 --- [ null to remote] o.o.selenium.remote.ProtocolHandshake    : Detected dialect: W3C
Hibernate: select person0_.id as id1_1_, person0_.cognome as cognome2_1_, person0_.email as email3_1_, person0_.nome as nome4_1_, person0_.password as password5_1_, person0_.username as username6_1_ from person person0_
Hibernate: select person0_.id as id1_1_, person0_.cognome as cognome2_1_, person0_.email as email3_1_, person0_.nome as nome4_1_, person0_.password as password5_1_, person0_.username as username6_1_ from person person0_ where person0_.username=?
Hibernate: select person0_.id as id1_1_0_, person0_.cognome as cognome2_1_0_, person0_.email as email3_1_0_, person0_.nome as nome4_1_0_, person0_.password as password5_1_0_, person0_.username as username6_1_0_ from person person0_ where person0_.id=?
Hibernate: select person0_.id as id1_1_0_, person0_.cognome as cognome2_1_0_, person0_.email as email3_1_0_, person0_.nome as nome4_1_0_, person0_.password as password5_1_0_, person0_.username as username6_1_0_ from person person0_ where person0_.id=?
Hibernate: delete from person where id=?
Hibernate: select person0_.id as id1_1_, person0_.cognome as cognome2_1_, person0_.email as email3_1_, person0_.nome as nome4_1_, person0_.password as password5_1_, person0_.username as username6_1_ from person person0_ where person0_.username=?
2023-01-17 14:43:49.354  INFO 31402 --- [ null to remote] o.o.selenium.remote.ProtocolHandshake    : Detected dialect: W3C
2023-01-17 14:43:50.111  INFO 31402 --- [ null to remote] o.o.selenium.remote.ProtocolHandshake    : Detected dialect: W3C
]]></system-out>
  <system-err><![CDATA[Starting ChromeDriver 108.0.5359.71 (1e0e3868ee06e91ad636a874420e3ca3ae3756ac-refs/branch-heads/5359@{#1016}) on port 47823
Only local connections are allowed.
Please see https://chromedriver.chromium.org/security-considerations for suggestions on keeping ChromeDriver safe.
ChromeDriver was started successfully.
Starting ChromeDriver 108.0.5359.71 (1e0e3868ee06e91ad636a874420e3ca3ae3756ac-refs/branch-heads/5359@{#1016}) on port 23080
Only local connections are allowed.
Please see https://chromedriver.chromium.org/security-considerations for suggestions on keeping ChromeDriver safe.
ChromeDriver was started successfully.
Starting ChromeDriver 108.0.5359.71 (1e0e3868ee06e91ad636a874420e3ca3ae3756ac-refs/branch-heads/5359@{#1016}) on port 35518
Only local connections are allowed.
Please see https://chromedriver.chromium.org/security-considerations for suggestions on keeping ChromeDriver safe.
ChromeDriver was started successfully.
Starting ChromeDriver 108.0.5359.71 (1e0e3868ee06e91ad636a874420e3ca3ae3756ac-refs/branch-heads/5359@{#1016}) on port 33377
Only local connections are allowed.
Please see https://chromedriver.chromium.org/security-considerations for suggestions on keeping ChromeDriver safe.
ChromeDriver was started successfully.
Starting ChromeDriver 108.0.5359.71 (1e0e3868ee06e91ad636a874420e3ca3ae3756ac-refs/branch-heads/5359@{#1016}) on port 2425
Only local connections are allowed.
Please see https://chromedriver.chromium.org/security-considerations for suggestions on keeping ChromeDriver safe.
ChromeDriver was started successfully.
Starting ChromeDriver 108.0.5359.71 (1e0e3868ee06e91ad636a874420e3ca3ae3756ac-refs/branch-heads/5359@{#1016}) on port 36730
Only local connections are allowed.
Please see https://chromedriver.chromium.org/security-considerations for suggestions on keeping ChromeDriver safe.
ChromeDriver was started successfully.
Starting ChromeDriver 108.0.5359.71 (1e0e3868ee06e91ad636a874420e3ca3ae3756ac-refs/branch-heads/5359@{#1016}) on port 16313
Only local connections are allowed.
Please see https://chromedriver.chromium.org/security-considerations for suggestions on keeping ChromeDriver safe.
ChromeDriver was started successfully.
Starting ChromeDriver 108.0.5359.71 (1e0e3868ee06e91ad636a874420e3ca3ae3756ac-refs/branch-heads/5359@{#1016}) on port 32466
Only local connections are allowed.
Please see https://chromedriver.chromium.org/security-considerations for suggestions on keeping ChromeDriver safe.
ChromeDriver was started successfully.
Starting ChromeDriver 108.0.5359.71 (1e0e3868ee06e91ad636a874420e3ca3ae3756ac-refs/branch-heads/5359@{#1016}) on port 1186
Only local connections are allowed.
Please see https://chromedriver.chromium.org/security-considerations for suggestions on keeping ChromeDriver safe.
ChromeDriver was started successfully.
Starting ChromeDriver 108.0.5359.71 (1e0e3868ee06e91ad636a874420e3ca3ae3756ac-refs/branch-heads/5359@{#1016}) on port 23095
Only local connections are allowed.
Please see https://chromedriver.chromium.org/security-considerations for suggestions on keeping ChromeDriver safe.
ChromeDriver was started successfully.
Starting ChromeDriver 108.0.5359.71 (1e0e3868ee06e91ad636a874420e3ca3ae3756ac-refs/branch-heads/5359@{#1016}) on port 34341
Only local connections are allowed.
Please see https://chromedriver.chromium.org/security-considerations for suggestions on keeping ChromeDriver safe.
ChromeDriver was started successfully.
Starting ChromeDriver 108.0.5359.71 (1e0e3868ee06e91ad636a874420e3ca3ae3756ac-refs/branch-heads/5359@{#1016}) on port 35987
Only local connections are allowed.
Please see https://chromedriver.chromium.org/security-considerations for suggestions on keeping ChromeDriver safe.
ChromeDriver was started successfully.
Starting ChromeDriver 108.0.5359.71 (1e0e3868ee06e91ad636a874420e3ca3ae3756ac-refs/branch-heads/5359@{#1016}) on port 16867
Only local connections are allowed.
Please see https://chromedriver.chromium.org/security-considerations for suggestions on keeping ChromeDriver safe.
ChromeDriver was started successfully.
Starting ChromeDriver 108.0.5359.71 (1e0e3868ee06e91ad636a874420e3ca3ae3756ac-refs/branch-heads/5359@{#1016}) on port 42786
Only local connections are allowed.
Please see https://chromedriver.chromium.org/security-considerations for suggestions on keeping ChromeDriver safe.
ChromeDriver was started successfully.
Starting ChromeDriver 108.0.5359.71 (1e0e3868ee06e91ad636a874420e3ca3ae3756ac-refs/branch-heads/5359@{#1016}) on port 22031
Only local connections are allowed.
Please see https://chromedriver.chromium.org/security-considerations for suggestions on keeping ChromeDriver safe.
ChromeDriver was started successfully.
Starting ChromeDriver 108.0.5359.71 (1e0e3868ee06e91ad636a874420e3ca3ae3756ac-refs/branch-heads/5359@{#1016}) on port 32211
Only local connections are allowed.
Please see https://chromedriver.chromium.org/security-considerations for suggestions on keeping ChromeDriver safe.
ChromeDriver was started successfully.
Starting ChromeDriver 108.0.5359.71 (1e0e3868ee06e91ad636a874420e3ca3ae3756ac-refs/branch-heads/5359@{#1016}) on port 25563
Only local connections are allowed.
Please see https://chromedriver.chromium.org/security-considerations for suggestions on keeping ChromeDriver safe.
ChromeDriver was started successfully.
Starting ChromeDriver 108.0.5359.71 (1e0e3868ee06e91ad636a874420e3ca3ae3756ac-refs/branch-heads/5359@{#1016}) on port 48546
Only local connections are allowed.
Please see https://chromedriver.chromium.org/security-considerations for suggestions on keeping ChromeDriver safe.
ChromeDriver was started successfully.
Starting ChromeDriver 108.0.5359.71 (1e0e3868ee06e91ad636a874420e3ca3ae3756ac-refs/branch-heads/5359@{#1016}) on port 9355
Only local connections are allowed.
Please see https://chromedriver.chromium.org/security-considerations for suggestions on keeping ChromeDriver safe.
ChromeDriver was started successfully.
Starting ChromeDriver 108.0.5359.71 (1e0e3868ee06e91ad636a874420e3ca3ae3756ac-refs/branch-heads/5359@{#1016}) on port 22444
Only local connections are allowed.
Please see https://chromedriver.chromium.org/security-considerations for suggestions on keeping ChromeDriver safe.
ChromeDriver was started successfully.
Starting ChromeDriver 108.0.5359.71 (1e0e3868ee06e91ad636a874420e3ca3ae3756ac-refs/branch-heads/5359@{#1016}) on port 8595
Only local connections are allowed.
Please see https://chromedriver.chromium.org/security-considerations for suggestions on keeping ChromeDriver safe.
ChromeDriver was started successfully.
Starting ChromeDriver 108.0.5359.71 (1e0e3868ee06e91ad636a874420e3ca3ae3756ac-refs/branch-heads/5359@{#1016}) on port 32491
Only local connections are allowed.
Please see https://chromedriver.chromium.org/security-considerations for suggestions on keeping ChromeDriver safe.
ChromeDriver was started successfully.
Starting ChromeDriver 108.0.5359.71 (1e0e3868ee06e91ad636a874420e3ca3ae3756ac-refs/branch-heads/5359@{#1016}) on port 20211
Only local connections are allowed.
Please see https://chromedriver.chromium.org/security-considerations for suggestions on keeping ChromeDriver safe.
ChromeDriver was started successfully.
Starting ChromeDriver 108.0.5359.71 (1e0e3868ee06e91ad636a874420e3ca3ae3756ac-refs/branch-heads/5359@{#1016}) on port 36871
Only local connections are allowed.
Please see https://chromedriver.chromium.org/security-considerations for suggestions on keeping ChromeDriver safe.
ChromeDriver was started successfully.
Starting ChromeDriver 108.0.5359.71 (1e0e3868ee06e91ad636a874420e3ca3ae3756ac-refs/branch-heads/5359@{#1016}) on port 37557
Only local connections are allowed.
Please see https://chromedriver.chromium.org/security-considerations for suggestions on keeping ChromeDriver safe.
ChromeDriver was started successfully.
Starting ChromeDriver 108.0.5359.71 (1e0e3868ee06e91ad636a874420e3ca3ae3756ac-refs/branch-heads/5359@{#1016}) on port 30428
Only local connections are allowed.
Please see https://chromedriver.chromium.org/security-considerations for suggestions on keeping ChromeDriver safe.
ChromeDriver was started successfully.
Starting ChromeDriver 108.0.5359.71 (1e0e3868ee06e91ad636a874420e3ca3ae3756ac-refs/branch-heads/5359@{#1016}) on port 43848
Only local connections are allowed.
Please see https://chromedriver.chromium.org/security-considerations for suggestions on keeping ChromeDriver safe.
ChromeDriver was started successfully.
Starting ChromeDriver 108.0.5359.71 (1e0e3868ee06e91ad636a874420e3ca3ae3756ac-refs/branch-heads/5359@{#1016}) on port 38879
Only local connections are allowed.
Please see https://chromedriver.chromium.org/security-considerations for suggestions on keeping ChromeDriver safe.
ChromeDriver was started successfully.
Starting ChromeDriver 108.0.5359.71 (1e0e3868ee06e91ad636a874420e3ca3ae3756ac-refs/branch-heads/5359@{#1016}) on port 10616
Only local connections are allowed.
Please see https://chromedriver.chromium.org/security-considerations for suggestions on keeping ChromeDriver safe.
ChromeDriver was started successfully.
Starting ChromeDriver 108.0.5359.71 (1e0e3868ee06e91ad636a874420e3ca3ae3756ac-refs/branch-heads/5359@{#1016}) on port 6572
Only local connections are allowed.
Please see https://chromedriver.chromium.org/security-considerations for suggestions on keeping ChromeDriver safe.
ChromeDriver was started successfully.
Starting ChromeDriver 108.0.5359.71 (1e0e3868ee06e91ad636a874420e3ca3ae3756ac-refs/branch-heads/5359@{#1016}) on port 26613
Only local connections are allowed.
Please see https://chromedriver.chromium.org/security-considerations for suggestions on keeping ChromeDriver safe.
ChromeDriver was started successfully.
Starting ChromeDriver 108.0.5359.71 (1e0e3868ee06e91ad636a874420e3ca3ae3756ac-refs/branch-heads/5359@{#1016}) on port 47033
Only local connections are allowed.
Please see https://chromedriver.chromium.org/security-considerations for suggestions on keeping ChromeDriver safe.
ChromeDriver was started successfully.
Starting ChromeDriver 108.0.5359.71 (1e0e3868ee06e91ad636a874420e3ca3ae3756ac-refs/branch-heads/5359@{#1016}) on port 43843
Only local connections are allowed.
Please see https://chromedriver.chromium.org/security-considerations for suggestions on keeping ChromeDriver safe.
ChromeDriver was started successfully.
Starting ChromeDriver 108.0.5359.71 (1e0e3868ee06e91ad636a874420e3ca3ae3756ac-refs/branch-heads/5359@{#1016}) on port 1343
Only local connections are allowed.
Please see https://chromedriver.chromium.org/security-considerations for suggestions on keeping ChromeDriver safe.
ChromeDriver was started successfully.
Starting ChromeDriver 108.0.5359.71 (1e0e3868ee06e91ad636a874420e3ca3ae3756ac-refs/branch-heads/5359@{#1016}) on port 23401
Only local connections are allowed.
Please see https://chromedriver.chromium.org/security-considerations for suggestions on keeping ChromeDriver safe.
ChromeDriver was started successfully.
Starting ChromeDriver 108.0.5359.71 (1e0e3868ee06e91ad636a874420e3ca3ae3756ac-refs/branch-heads/5359@{#1016}) on port 32454
Only local connections are allowed.
Please see https://chromedriver.chromium.org/security-considerations for suggestions on keeping ChromeDriver safe.
ChromeDriver was started successfully.
Starting ChromeDriver 108.0.5359.71 (1e0e3868ee06e91ad636a874420e3ca3ae3756ac-refs/branch-heads/5359@{#1016}) on port 17829
Only local connections are allowed.
Please see https://chromedriver.chromium.org/security-considerations for suggestions on keeping ChromeDriver safe.
ChromeDriver was started successfully.
Starting ChromeDriver 108.0.5359.71 (1e0e3868ee06e91ad636a874420e3ca3ae3756ac-refs/branch-heads/5359@{#1016}) on port 44401
Only local connections are allowed.
Please see https://chromedriver.chromium.org/security-considerations for suggestions on keeping ChromeDriver safe.
ChromeDriver was started successfully.
Starting ChromeDriver 108.0.5359.71 (1e0e3868ee06e91ad636a874420e3ca3ae3756ac-refs/branch-heads/5359@{#1016}) on port 31098
Only local connections are allowed.
Please see https://chromedriver.chromium.org/security-considerations for suggestions on keeping ChromeDriver safe.
ChromeDriver was started successfully.
Starting ChromeDriver 108.0.5359.71 (1e0e3868ee06e91ad636a874420e3ca3ae3756ac-refs/branch-heads/5359@{#1016}) on port 32537
Only local connections are allowed.
Please see https://chromedriver.chromium.org/security-considerations for suggestions on keeping ChromeDriver safe.
ChromeDriver was started successfully.
Starting ChromeDriver 108.0.5359.71 (1e0e3868ee06e91ad636a874420e3ca3ae3756ac-refs/branch-heads/5359@{#1016}) on port 28377
Only local connections are allowed.
Please see https://chromedriver.chromium.org/security-considerations for suggestions on keeping ChromeDriver safe.
ChromeDriver was started successfully.
]]></system-err>
</testsuite>
